{"/Users/gio.justinianoplata/Desktop/thoughtflix/src/App.tsx": {"path":"/Users/gio.justinianoplata/Desktop/thoughtflix/src/App.tsx","all":true,"statementMap":{"0":{"start":{"line":1,"column":0},"end":{"line":1,"column":49}},"1":{"start":{"line":2,"column":0},"end":{"line":2,"column":47}},"2":{"start":{"line":3,"column":0},"end":{"line":3,"column":73}},"3":{"start":{"line":4,"column":0},"end":{"line":4,"column":73}},"4":{"start":{"line":5,"column":0},"end":{"line":5,"column":21}},"9":{"start":{"line":10,"column":0},"end":{"line":10,"column":16}},"10":{"start":{"line":11,"column":0},"end":{"line":11,"column":10}},"11":{"start":{"line":12,"column":0},"end":{"line":12,"column":19}},"12":{"start":{"line":13,"column":0},"end":{"line":13,"column":21}},"13":{"start":{"line":14,"column":0},"end":{"line":14,"column":22}},"14":{"start":{"line":15,"column":0},"end":{"line":15,"column":19}},"15":{"start":{"line":16,"column":0},"end":{"line":16,"column":37}},"16":{"start":{"line":17,"column":0},"end":{"line":17,"column":39}},"17":{"start":{"line":18,"column":0},"end":{"line":18,"column":12}},"19":{"start":{"line":20,"column":0},"end":{"line":20,"column":23}},"20":{"start":{"line":21,"column":0},"end":{"line":21,"column":24}},"21":{"start":{"line":22,"column":0},"end":{"line":22,"column":22}},"22":{"start":{"line":23,"column":0},"end":{"line":23,"column":20}},"24":{"start":{"line":25,"column":0},"end":{"line":25,"column":1}},"26":{"start":{"line":27,"column":0},"end":{"line":27,"column":19}}},"s":{"0":0,"1":0,"2":0,"3":0,"4":0,"9":0,"10":0,"11":0,"12":0,"13":0,"14":0,"15":0,"16":0,"17":0,"19":0,"20":0,"21":0,"22":0,"24":0,"26":0},"branchMap":{"0":{"type":"branch","line":1,"loc":{"start":{"line":1,"column":676},"end":{"line":27,"column":19}},"locations":[{"start":{"line":1,"column":676},"end":{"line":27,"column":19}}]}},"b":{"0":[0]},"fnMap":{"0":{"name":"(empty-report)","decl":{"start":{"line":1,"column":676},"end":{"line":27,"column":19}},"loc":{"start":{"line":1,"column":676},"end":{"line":27,"column":19}},"line":1}},"f":{"0":0}}
,"/Users/gio.justinianoplata/Desktop/thoughtflix/src/__mocks__/testComponents.tsx": {"path":"/Users/gio.justinianoplata/Desktop/thoughtflix/src/__mocks__/testComponents.tsx","all":false,"statementMap":{"0":{"start":{"line":1,"column":0},"end":{"line":1,"column":73}},"1":{"start":{"line":2,"column":0},"end":{"line":2,"column":39}},"2":{"start":{"line":3,"column":0},"end":{"line":3,"column":48}},"3":{"start":{"line":4,"column":0},"end":{"line":4,"column":26}},"4":{"start":{"line":5,"column":0},"end":{"line":5,"column":86}},"5":{"start":{"line":6,"column":0},"end":{"line":6,"column":65}},"13":{"start":{"line":14,"column":0},"end":{"line":14,"column":99}},"14":{"start":{"line":15,"column":0},"end":{"line":15,"column":12}},"15":{"start":{"line":16,"column":0},"end":{"line":16,"column":36}},"16":{"start":{"line":17,"column":0},"end":{"line":17,"column":7}},"17":{"start":{"line":18,"column":0},"end":{"line":18,"column":44}},"18":{"start":{"line":19,"column":0},"end":{"line":19,"column":14}},"19":{"start":{"line":20,"column":0},"end":{"line":20,"column":24}},"22":{"start":{"line":23,"column":0},"end":{"line":23,"column":116}},"23":{"start":{"line":24,"column":0},"end":{"line":24,"column":12}},"24":{"start":{"line":25,"column":0},"end":{"line":25,"column":28}},"25":{"start":{"line":26,"column":0},"end":{"line":26,"column":7}},"26":{"start":{"line":27,"column":0},"end":{"line":27,"column":26}},"27":{"start":{"line":28,"column":0},"end":{"line":28,"column":14}},"28":{"start":{"line":29,"column":0},"end":{"line":29,"column":13}},"31":{"start":{"line":32,"column":0},"end":{"line":32,"column":89}},"32":{"start":{"line":33,"column":0},"end":{"line":33,"column":15}},"33":{"start":{"line":34,"column":0},"end":{"line":34,"column":13}},"34":{"start":{"line":35,"column":0},"end":{"line":35,"column":31}},"35":{"start":{"line":36,"column":0},"end":{"line":36,"column":33}},"36":{"start":{"line":37,"column":0},"end":{"line":37,"column":6}},"38":{"start":{"line":39,"column":0},"end":{"line":39,"column":14}},"39":{"start":{"line":40,"column":0},"end":{"line":40,"column":17}},"42":{"start":{"line":43,"column":0},"end":{"line":43,"column":41}},"46":{"start":{"line":47,"column":0},"end":{"line":47,"column":8}},"47":{"start":{"line":48,"column":0},"end":{"line":48,"column":12}},"48":{"start":{"line":49,"column":0},"end":{"line":49,"column":36}},"49":{"start":{"line":50,"column":0},"end":{"line":50,"column":27}},"50":{"start":{"line":51,"column":0},"end":{"line":51,"column":7}},"51":{"start":{"line":52,"column":0},"end":{"line":52,"column":44}},"52":{"start":{"line":53,"column":0},"end":{"line":53,"column":28}},"53":{"start":{"line":54,"column":0},"end":{"line":54,"column":19}},"54":{"start":{"line":55,"column":0},"end":{"line":55,"column":17}},"55":{"start":{"line":56,"column":0},"end":{"line":56,"column":35}},"56":{"start":{"line":57,"column":0},"end":{"line":57,"column":37}},"57":{"start":{"line":58,"column":0},"end":{"line":58,"column":10}},"59":{"start":{"line":60,"column":0},"end":{"line":60,"column":27}},"60":{"start":{"line":61,"column":0},"end":{"line":61,"column":20}},"61":{"start":{"line":62,"column":0},"end":{"line":62,"column":28}},"62":{"start":{"line":63,"column":0},"end":{"line":63,"column":21}},"63":{"start":{"line":64,"column":0},"end":{"line":64,"column":15}},"64":{"start":{"line":65,"column":0},"end":{"line":65,"column":24}}},"s":{"0":1,"1":1,"2":1,"3":1,"4":1,"5":1,"13":1,"14":9,"15":9,"16":9,"17":9,"18":9,"19":9,"22":1,"23":12,"24":12,"25":12,"26":12,"27":12,"28":12,"31":1,"32":0,"33":0,"34":0,"35":0,"36":0,"38":0,"39":0,"42":1,"46":1,"47":37,"48":37,"49":37,"50":37,"51":37,"52":37,"53":37,"54":37,"55":37,"56":37,"57":37,"59":37,"60":37,"61":37,"62":37,"63":37,"64":37},"branchMap":{"0":{"type":"branch","line":14,"loc":{"start":{"line":14,"column":96},"end":{"line":20,"column":24}},"locations":[{"start":{"line":14,"column":96},"end":{"line":20,"column":24}}]},"1":{"type":"branch","line":23,"loc":{"start":{"line":23,"column":113},"end":{"line":29,"column":13}},"locations":[{"start":{"line":23,"column":113},"end":{"line":29,"column":13}}]},"2":{"type":"branch","line":47,"loc":{"start":{"line":47,"column":5},"end":{"line":65,"column":24}},"locations":[{"start":{"line":47,"column":5},"end":{"line":65,"column":24}}]}},"b":{"0":[9],"1":[12],"2":[37]},"fnMap":{"0":{"name":"QueryWrapper","decl":{"start":{"line":14,"column":96},"end":{"line":20,"column":24}},"loc":{"start":{"line":14,"column":96},"end":{"line":20,"column":24}},"line":14},"1":{"name":"ReduxWrapper","decl":{"start":{"line":23,"column":113},"end":{"line":29,"column":13}},"loc":{"start":{"line":23,"column":113},"end":{"line":29,"column":13}},"line":23},"2":{"name":"RouterWrapper","decl":{"start":{"line":32,"column":70},"end":{"line":40,"column":17}},"loc":{"start":{"line":32,"column":70},"end":{"line":40,"column":17}},"line":32},"3":{"name":"FullTestWrapper","decl":{"start":{"line":47,"column":5},"end":{"line":65,"column":24}},"loc":{"start":{"line":47,"column":5},"end":{"line":65,"column":24}},"line":47}},"f":{"0":9,"1":12,"2":0,"3":37}}
,"/Users/gio.justinianoplata/Desktop/thoughtflix/src/__mocks__/testData.ts": {"path":"/Users/gio.justinianoplata/Desktop/thoughtflix/src/__mocks__/testData.ts","all":false,"statementMap":{"0":{"start":{"line":1,"column":0},"end":{"line":1,"column":85}},"1":{"start":{"line":2,"column":0},"end":{"line":2,"column":78}},"7":{"start":{"line":8,"column":0},"end":{"line":8,"column":33}},"8":{"start":{"line":9,"column":0},"end":{"line":9,"column":18}},"9":{"start":{"line":10,"column":0},"end":{"line":10,"column":22}},"10":{"start":{"line":11,"column":0},"end":{"line":11,"column":28}},"11":{"start":{"line":12,"column":0},"end":{"line":12,"column":28}},"12":{"start":{"line":13,"column":0},"end":{"line":13,"column":33}},"13":{"start":{"line":14,"column":0},"end":{"line":14,"column":29}},"14":{"start":{"line":15,"column":0},"end":{"line":15,"column":20}},"15":{"start":{"line":16,"column":0},"end":{"line":16,"column":19}},"16":{"start":{"line":17,"column":0},"end":{"line":17,"column":16}},"17":{"start":{"line":18,"column":0},"end":{"line":18,"column":15}},"18":{"start":{"line":19,"column":0},"end":{"line":19,"column":26}},"19":{"start":{"line":20,"column":0},"end":{"line":20,"column":31}},"20":{"start":{"line":21,"column":0},"end":{"line":21,"column":16}},"21":{"start":{"line":22,"column":0},"end":{"line":22,"column":15}},"22":{"start":{"line":23,"column":0},"end":{"line":23,"column":2}},"24":{"start":{"line":25,"column":0},"end":{"line":25,"column":41}},"25":{"start":{"line":26,"column":0},"end":{"line":26,"column":15}},"26":{"start":{"line":27,"column":0},"end":{"line":27,"column":42}},"27":{"start":{"line":28,"column":0},"end":{"line":28,"column":26}},"28":{"start":{"line":29,"column":0},"end":{"line":29,"column":2}},"30":{"start":{"line":31,"column":0},"end":{"line":31,"column":41}},"31":{"start":{"line":32,"column":0},"end":{"line":32,"column":22}},"32":{"start":{"line":33,"column":0},"end":{"line":33,"column":15}},"33":{"start":{"line":34,"column":0},"end":{"line":34,"column":17}},"34":{"start":{"line":35,"column":0},"end":{"line":35,"column":26}},"35":{"start":{"line":36,"column":0},"end":{"line":36,"column":21}},"36":{"start":{"line":37,"column":0},"end":{"line":37,"column":29}},"37":{"start":{"line":38,"column":0},"end":{"line":38,"column":28}},"38":{"start":{"line":39,"column":0},"end":{"line":39,"column":24}},"39":{"start":{"line":40,"column":0},"end":{"line":40,"column":39}},"40":{"start":{"line":41,"column":0},"end":{"line":41,"column":24}},"41":{"start":{"line":42,"column":0},"end":{"line":42,"column":22}},"42":{"start":{"line":43,"column":0},"end":{"line":43,"column":17}},"43":{"start":{"line":44,"column":0},"end":{"line":44,"column":24}},"44":{"start":{"line":45,"column":0},"end":{"line":45,"column":23}},"45":{"start":{"line":46,"column":0},"end":{"line":46,"column":12}},"46":{"start":{"line":47,"column":0},"end":{"line":47,"column":59}},"47":{"start":{"line":48,"column":0},"end":{"line":48,"column":48}},"48":{"start":{"line":49,"column":0},"end":{"line":49,"column":46}},"49":{"start":{"line":50,"column":0},"end":{"line":50,"column":4}},"50":{"start":{"line":51,"column":0},"end":{"line":51,"column":18}},"51":{"start":{"line":52,"column":0},"end":{"line":52,"column":20}},"52":{"start":{"line":53,"column":0},"end":{"line":53,"column":21}},"53":{"start":{"line":54,"column":0},"end":{"line":54,"column":22}},"54":{"start":{"line":55,"column":0},"end":{"line":55,"column":16}},"55":{"start":{"line":56,"column":0},"end":{"line":56,"column":21}},"56":{"start":{"line":57,"column":0},"end":{"line":57,"column":28}},"57":{"start":{"line":58,"column":0},"end":{"line":58,"column":32}},"58":{"start":{"line":59,"column":0},"end":{"line":59,"column":30}},"59":{"start":{"line":60,"column":0},"end":{"line":60,"column":19}},"60":{"start":{"line":61,"column":0},"end":{"line":61,"column":2}},"62":{"start":{"line":63,"column":0},"end":{"line":63,"column":59}},"63":{"start":{"line":64,"column":0},"end":{"line":64,"column":26}},"64":{"start":{"line":65,"column":0},"end":{"line":65,"column":20}},"65":{"start":{"line":66,"column":0},"end":{"line":66,"column":19}},"66":{"start":{"line":67,"column":0},"end":{"line":67,"column":2}},"68":{"start":{"line":69,"column":0},"end":{"line":69,"column":42}},"69":{"start":{"line":70,"column":0},"end":{"line":70,"column":24}},"70":{"start":{"line":71,"column":0},"end":{"line":71,"column":22}},"71":{"start":{"line":72,"column":0},"end":{"line":72,"column":19}},"72":{"start":{"line":73,"column":0},"end":{"line":73,"column":2}},"74":{"start":{"line":75,"column":0},"end":{"line":75,"column":33}},"75":{"start":{"line":76,"column":0},"end":{"line":76,"column":27}},"76":{"start":{"line":77,"column":0},"end":{"line":77,"column":26}},"77":{"start":{"line":78,"column":0},"end":{"line":78,"column":2}},"83":{"start":{"line":84,"column":0},"end":{"line":84,"column":30}},"84":{"start":{"line":85,"column":0},"end":{"line":85,"column":9}},"85":{"start":{"line":86,"column":0},"end":{"line":86,"column":28}},"86":{"start":{"line":87,"column":0},"end":{"line":87,"column":37}},"87":{"start":{"line":88,"column":0},"end":{"line":88,"column":19}},"88":{"start":{"line":89,"column":0},"end":{"line":89,"column":4}},"89":{"start":{"line":90,"column":0},"end":{"line":90,"column":2}}},"s":{"0":1,"1":1,"7":1,"8":1,"9":1,"10":1,"11":1,"12":1,"13":1,"14":1,"15":1,"16":1,"17":1,"18":1,"19":1,"20":1,"21":1,"22":1,"24":1,"25":1,"26":1,"27":1,"28":1,"30":1,"31":1,"32":1,"33":1,"34":1,"35":1,"36":1,"37":1,"38":1,"39":1,"40":1,"41":1,"42":1,"43":1,"44":1,"45":1,"46":1,"47":1,"48":1,"49":1,"50":1,"51":1,"52":1,"53":1,"54":1,"55":1,"56":1,"57":1,"58":1,"59":1,"60":1,"62":1,"63":1,"64":1,"65":1,"66":1,"68":1,"69":1,"70":1,"71":1,"72":1,"74":1,"75":1,"76":1,"77":1,"83":1,"84":1,"85":1,"86":1,"87":1,"88":1,"89":1},"branchMap":{},"b":{},"fnMap":{},"f":{}}
,"/Users/gio.justinianoplata/Desktop/thoughtflix/src/__mocks__/testMocks.tsx": {"path":"/Users/gio.justinianoplata/Desktop/thoughtflix/src/__mocks__/testMocks.tsx","all":false,"statementMap":{"1":{"start":{"line":2,"column":0},"end":{"line":2,"column":8}}},"s":{"1":1},"branchMap":{},"b":{},"fnMap":{},"f":{}}
,"/Users/gio.justinianoplata/Desktop/thoughtflix/src/__mocks__/testUtils.ts": {"path":"/Users/gio.justinianoplata/Desktop/thoughtflix/src/__mocks__/testUtils.ts","all":false,"statementMap":{"0":{"start":{"line":1,"column":0},"end":{"line":1,"column":52}},"1":{"start":{"line":2,"column":0},"end":{"line":2,"column":50}},"2":{"start":{"line":3,"column":0},"end":{"line":3,"column":28}},"3":{"start":{"line":4,"column":0},"end":{"line":4,"column":60}},"4":{"start":{"line":5,"column":0},"end":{"line":5,"column":52}},"5":{"start":{"line":6,"column":0},"end":{"line":6,"column":60}},"6":{"start":{"line":7,"column":0},"end":{"line":7,"column":82}},"12":{"start":{"line":13,"column":0},"end":{"line":13,"column":52}},"13":{"start":{"line":14,"column":0},"end":{"line":14,"column":26}},"14":{"start":{"line":15,"column":0},"end":{"line":15,"column":21}},"15":{"start":{"line":16,"column":0},"end":{"line":16,"column":16}},"16":{"start":{"line":17,"column":0},"end":{"line":17,"column":21}},"17":{"start":{"line":18,"column":0},"end":{"line":18,"column":18}},"18":{"start":{"line":19,"column":0},"end":{"line":19,"column":19}},"19":{"start":{"line":20,"column":0},"end":{"line":20,"column":8}},"20":{"start":{"line":21,"column":0},"end":{"line":21,"column":6}},"21":{"start":{"line":22,"column":0},"end":{"line":22,"column":5}},"22":{"start":{"line":23,"column":0},"end":{"line":23,"column":2}},"24":{"start":{"line":25,"column":0},"end":{"line":25,"column":38}},"25":{"start":{"line":26,"column":0},"end":{"line":26,"column":25}},"26":{"start":{"line":27,"column":0},"end":{"line":27,"column":14}},"27":{"start":{"line":28,"column":0},"end":{"line":28,"column":28}},"28":{"start":{"line":29,"column":0},"end":{"line":29,"column":20}},"29":{"start":{"line":30,"column":0},"end":{"line":30,"column":28}},"30":{"start":{"line":31,"column":0},"end":{"line":31,"column":6}},"31":{"start":{"line":32,"column":0},"end":{"line":32,"column":5}},"32":{"start":{"line":33,"column":0},"end":{"line":33,"column":2}},"38":{"start":{"line":39,"column":0},"end":{"line":39,"column":40}},"39":{"start":{"line":40,"column":0},"end":{"line":40,"column":28}},"40":{"start":{"line":41,"column":0},"end":{"line":41,"column":29}},"41":{"start":{"line":42,"column":0},"end":{"line":42,"column":29}},"42":{"start":{"line":43,"column":0},"end":{"line":43,"column":27}},"43":{"start":{"line":44,"column":0},"end":{"line":44,"column":24}},"44":{"start":{"line":45,"column":0},"end":{"line":45,"column":2}},"46":{"start":{"line":47,"column":0},"end":{"line":47,"column":39}},"47":{"start":{"line":48,"column":0},"end":{"line":48,"column":15}},"48":{"start":{"line":49,"column":0},"end":{"line":49,"column":16}},"49":{"start":{"line":50,"column":0},"end":{"line":50,"column":15}},"50":{"start":{"line":51,"column":0},"end":{"line":51,"column":18}},"51":{"start":{"line":52,"column":0},"end":{"line":52,"column":17}},"52":{"start":{"line":53,"column":0},"end":{"line":53,"column":19}},"53":{"start":{"line":54,"column":0},"end":{"line":54,"column":25}},"54":{"start":{"line":55,"column":0},"end":{"line":55,"column":25}},"55":{"start":{"line":56,"column":0},"end":{"line":56,"column":21}},"56":{"start":{"line":57,"column":0},"end":{"line":57,"column":2}},"62":{"start":{"line":63,"column":0},"end":{"line":63,"column":43}},"63":{"start":{"line":64,"column":0},"end":{"line":64,"column":44}},"64":{"start":{"line":65,"column":0},"end":{"line":65,"column":73}},"65":{"start":{"line":66,"column":0},"end":{"line":66,"column":6}},"66":{"start":{"line":67,"column":0},"end":{"line":67,"column":2}},"68":{"start":{"line":69,"column":0},"end":{"line":69,"column":38}},"69":{"start":{"line":70,"column":0},"end":{"line":70,"column":27}},"70":{"start":{"line":71,"column":0},"end":{"line":71,"column":48}},"71":{"start":{"line":72,"column":0},"end":{"line":72,"column":17}},"72":{"start":{"line":73,"column":0},"end":{"line":73,"column":18}},"73":{"start":{"line":74,"column":0},"end":{"line":74,"column":17}},"74":{"start":{"line":75,"column":0},"end":{"line":75,"column":20}},"75":{"start":{"line":76,"column":0},"end":{"line":76,"column":19}},"76":{"start":{"line":77,"column":0},"end":{"line":77,"column":21}},"77":{"start":{"line":78,"column":0},"end":{"line":78,"column":6}},"78":{"start":{"line":79,"column":0},"end":{"line":79,"column":2}},"80":{"start":{"line":81,"column":0},"end":{"line":81,"column":40}},"81":{"start":{"line":82,"column":0},"end":{"line":82,"column":25}},"82":{"start":{"line":83,"column":0},"end":{"line":83,"column":20}},"83":{"start":{"line":84,"column":0},"end":{"line":84,"column":2}},"85":{"start":{"line":86,"column":0},"end":{"line":86,"column":36}},"86":{"start":{"line":87,"column":0},"end":{"line":87,"column":22}},"87":{"start":{"line":88,"column":0},"end":{"line":88,"column":2}},"89":{"start":{"line":90,"column":0},"end":{"line":90,"column":39}},"91":{"start":{"line":92,"column":0},"end":{"line":92,"column":2}},"93":{"start":{"line":94,"column":0},"end":{"line":94,"column":36}},"94":{"start":{"line":95,"column":0},"end":{"line":95,"column":21}},"95":{"start":{"line":96,"column":0},"end":{"line":96,"column":75}},"96":{"start":{"line":97,"column":0},"end":{"line":97,"column":74}},"97":{"start":{"line":98,"column":0},"end":{"line":98,"column":2}},"103":{"start":{"line":104,"column":0},"end":{"line":104,"column":48}},"104":{"start":{"line":105,"column":0},"end":{"line":105,"column":91}},"105":{"start":{"line":106,"column":0},"end":{"line":106,"column":92}},"106":{"start":{"line":107,"column":0},"end":{"line":107,"column":92}},"107":{"start":{"line":108,"column":0},"end":{"line":108,"column":75}},"108":{"start":{"line":109,"column":0},"end":{"line":109,"column":81}},"109":{"start":{"line":110,"column":0},"end":{"line":110,"column":2}},"111":{"start":{"line":112,"column":0},"end":{"line":112,"column":65}},"112":{"start":{"line":113,"column":0},"end":{"line":113,"column":40}},"113":{"start":{"line":114,"column":0},"end":{"line":114,"column":68}},"114":{"start":{"line":115,"column":0},"end":{"line":115,"column":69}},"115":{"start":{"line":116,"column":0},"end":{"line":116,"column":69}},"116":{"start":{"line":117,"column":0},"end":{"line":117,"column":67}},"117":{"start":{"line":118,"column":0},"end":{"line":118,"column":64}},"118":{"start":{"line":119,"column":0},"end":{"line":119,"column":2}},"120":{"start":{"line":121,"column":0},"end":{"line":121,"column":43}},"121":{"start":{"line":122,"column":0},"end":{"line":122,"column":78}},"122":{"start":{"line":123,"column":0},"end":{"line":123,"column":79}},"123":{"start":{"line":124,"column":0},"end":{"line":124,"column":79}},"124":{"start":{"line":125,"column":0},"end":{"line":125,"column":66}},"125":{"start":{"line":126,"column":0},"end":{"line":126,"column":111}},"126":{"start":{"line":127,"column":0},"end":{"line":127,"column":2}}},"s":{"0":1,"1":1,"2":1,"3":1,"4":1,"5":1,"6":1,"12":1,"13":45,"14":45,"15":45,"16":45,"17":45,"18":45,"19":45,"20":45,"21":45,"22":45,"24":1,"25":49,"26":49,"27":49,"28":49,"29":49,"30":49,"31":49,"32":49,"38":1,"39":1,"40":1,"41":1,"42":1,"43":1,"44":1,"46":1,"47":1,"48":1,"49":1,"50":1,"51":1,"52":1,"53":1,"54":1,"55":1,"56":1,"62":1,"63":0,"64":0,"65":0,"66":0,"68":1,"69":0,"70":0,"71":0,"72":0,"73":0,"74":0,"75":0,"76":0,"77":0,"78":0,"80":1,"81":0,"82":0,"83":0,"85":1,"86":0,"87":0,"89":1,"91":3,"93":1,"94":48,"95":48,"96":48,"97":48,"103":1,"104":41,"105":41,"106":41,"107":41,"108":41,"109":41,"111":1,"112":4,"113":4,"114":4,"115":4,"116":4,"117":4,"118":4,"120":1,"121":1,"122":1,"123":1,"124":1,"125":1,"126":1},"branchMap":{"0":{"type":"branch","line":13,"loc":{"start":{"line":13,"column":33},"end":{"line":23,"column":2}},"locations":[{"start":{"line":13,"column":33},"end":{"line":23,"column":2}}]},"1":{"type":"branch","line":25,"loc":{"start":{"line":25,"column":31},"end":{"line":33,"column":2}},"locations":[{"start":{"line":25,"column":31},"end":{"line":33,"column":2}}]},"2":{"type":"branch","line":90,"loc":{"start":{"line":90,"column":32},"end":{"line":92,"column":2}},"locations":[{"start":{"line":90,"column":32},"end":{"line":92,"column":2}}]},"3":{"type":"branch","line":94,"loc":{"start":{"line":94,"column":29},"end":{"line":98,"column":2}},"locations":[{"start":{"line":94,"column":29},"end":{"line":98,"column":2}}]},"4":{"type":"branch","line":96,"loc":{"start":{"line":96,"column":49},"end":{"line":96,"column":73}},"locations":[{"start":{"line":96,"column":49},"end":{"line":96,"column":73}}]},"5":{"type":"branch","line":97,"loc":{"start":{"line":97,"column":48},"end":{"line":97,"column":72}},"locations":[{"start":{"line":97,"column":48},"end":{"line":97,"column":72}}]},"6":{"type":"branch","line":104,"loc":{"start":{"line":104,"column":41},"end":{"line":110,"column":2}},"locations":[{"start":{"line":104,"column":41},"end":{"line":110,"column":2}}]},"7":{"type":"branch","line":112,"loc":{"start":{"line":112,"column":28},"end":{"line":119,"column":2}},"locations":[{"start":{"line":112,"column":28},"end":{"line":119,"column":2}}]},"8":{"type":"branch","line":121,"loc":{"start":{"line":121,"column":36},"end":{"line":127,"column":2}},"locations":[{"start":{"line":121,"column":36},"end":{"line":127,"column":2}}]}},"b":{"0":[45],"1":[49],"2":[3],"3":[48],"4":[240],"5":[432],"6":[41],"7":[4],"8":[1]},"fnMap":{"0":{"name":"createQueryClient","decl":{"start":{"line":13,"column":33},"end":{"line":23,"column":2}},"loc":{"start":{"line":13,"column":33},"end":{"line":23,"column":2}},"line":13},"1":{"name":"createTestStore","decl":{"start":{"line":25,"column":31},"end":{"line":33,"column":2}},"loc":{"start":{"line":25,"column":31},"end":{"line":33,"column":2}},"line":25},"2":{"name":"setupApiServiceMocks","decl":{"start":{"line":63,"column":36},"end":{"line":67,"column":2}},"loc":{"start":{"line":63,"column":36},"end":{"line":67,"column":2}},"line":63},"3":{"name":"setupAxiosMocks","decl":{"start":{"line":69,"column":31},"end":{"line":79,"column":2}},"loc":{"start":{"line":69,"column":31},"end":{"line":79,"column":2}},"line":69},"4":{"name":"setupServiceMocks","decl":{"start":{"line":81,"column":33},"end":{"line":84,"column":2}},"loc":{"start":{"line":81,"column":33},"end":{"line":84,"column":2}},"line":81},"5":{"name":"setupAllMocks","decl":{"start":{"line":86,"column":29},"end":{"line":88,"column":2}},"loc":{"start":{"line":86,"column":29},"end":{"line":88,"column":2}},"line":86},"6":{"name":"setupCommonMocks","decl":{"start":{"line":90,"column":32},"end":{"line":92,"column":2}},"loc":{"start":{"line":90,"column":32},"end":{"line":92,"column":2}},"line":90},"7":{"name":"resetAllMocks","decl":{"start":{"line":94,"column":29},"end":{"line":98,"column":2}},"loc":{"start":{"line":94,"column":29},"end":{"line":98,"column":2}},"line":94},"8":{"name":"mockSuccessfulApiResponse","decl":{"start":{"line":104,"column":41},"end":{"line":110,"column":2}},"loc":{"start":{"line":104,"column":41},"end":{"line":110,"column":2}},"line":104},"9":{"name":"mockApiError","decl":{"start":{"line":112,"column":28},"end":{"line":119,"column":2}},"loc":{"start":{"line":112,"column":28},"end":{"line":119,"column":2}},"line":112},"10":{"name":"mockEmptyApiResponse","decl":{"start":{"line":121,"column":36},"end":{"line":127,"column":2}},"loc":{"start":{"line":121,"column":36},"end":{"line":127,"column":2}},"line":121}},"f":{"0":45,"1":49,"2":0,"3":0,"4":0,"5":0,"6":3,"7":48,"8":41,"9":4,"10":1}}
,"/Users/gio.justinianoplata/Desktop/thoughtflix/src/__mocks__/vite-env.ts": {"path":"/Users/gio.justinianoplata/Desktop/thoughtflix/src/__mocks__/vite-env.ts","all":false,"statementMap":{"1":{"start":{"line":2,"column":0},"end":{"line":2,"column":24}},"2":{"start":{"line":3,"column":0},"end":{"line":3,"column":36}},"3":{"start":{"line":4,"column":0},"end":{"line":4,"column":48}},"4":{"start":{"line":5,"column":0},"end":{"line":5,"column":28}},"5":{"start":{"line":6,"column":0},"end":{"line":6,"column":15}},"6":{"start":{"line":7,"column":0},"end":{"line":7,"column":13}},"7":{"start":{"line":8,"column":0},"end":{"line":8,"column":14}},"8":{"start":{"line":9,"column":0},"end":{"line":9,"column":13}},"9":{"start":{"line":10,"column":0},"end":{"line":10,"column":2}},"12":{"start":{"line":13,"column":0},"end":{"line":13,"column":45}},"13":{"start":{"line":14,"column":0},"end":{"line":14,"column":10}},"14":{"start":{"line":15,"column":0},"end":{"line":15,"column":11}},"15":{"start":{"line":16,"column":0},"end":{"line":16,"column":19}},"16":{"start":{"line":17,"column":0},"end":{"line":17,"column":6}},"17":{"start":{"line":18,"column":0},"end":{"line":18,"column":4}},"18":{"start":{"line":19,"column":0},"end":{"line":19,"column":17}},"19":{"start":{"line":20,"column":0},"end":{"line":20,"column":3}}},"s":{"1":1,"2":1,"3":1,"4":1,"5":1,"6":1,"7":1,"8":1,"9":1,"12":1,"13":1,"14":1,"15":1,"16":1,"17":1,"18":1,"19":1},"branchMap":{},"b":{},"fnMap":{},"f":{}}
,"/Users/gio.justinianoplata/Desktop/thoughtflix/src/components/FilterButton/FilterButton.tsx": {"path":"/Users/gio.justinianoplata/Desktop/thoughtflix/src/components/FilterButton/FilterButton.tsx","all":false,"statementMap":{"0":{"start":{"line":1,"column":0},"end":{"line":1,"column":26}},"1":{"start":{"line":2,"column":0},"end":{"line":2,"column":65}},"2":{"start":{"line":3,"column":0},"end":{"line":3,"column":28}},"4":{"start":{"line":5,"column":0},"end":{"line":5,"column":59}},"5":{"start":{"line":6,"column":0},"end":{"line":6,"column":11}},"6":{"start":{"line":7,"column":0},"end":{"line":7,"column":10}},"7":{"start":{"line":8,"column":0},"end":{"line":8,"column":11}},"8":{"start":{"line":9,"column":0},"end":{"line":9,"column":8}},"9":{"start":{"line":10,"column":0},"end":{"line":10,"column":7}},"10":{"start":{"line":11,"column":0},"end":{"line":11,"column":10}},"11":{"start":{"line":12,"column":0},"end":{"line":12,"column":11}},"12":{"start":{"line":13,"column":0},"end":{"line":13,"column":19}},"13":{"start":{"line":14,"column":0},"end":{"line":14,"column":76}},"14":{"start":{"line":15,"column":0},"end":{"line":15,"column":23}},"15":{"start":{"line":16,"column":0},"end":{"line":16,"column":29}},"17":{"start":{"line":18,"column":0},"end":{"line":18,"column":61}},"18":{"start":{"line":19,"column":0},"end":{"line":19,"column":31}},"19":{"start":{"line":20,"column":0},"end":{"line":20,"column":79}},"20":{"start":{"line":21,"column":0},"end":{"line":21,"column":17}},"21":{"start":{"line":22,"column":0},"end":{"line":22,"column":15}},"23":{"start":{"line":24,"column":0},"end":{"line":24,"column":13}},"25":{"start":{"line":26,"column":0},"end":{"line":26,"column":2}}},"s":{"0":1,"1":1,"2":1,"4":1,"5":108,"6":108,"7":108,"8":108,"9":108,"10":108,"11":108,"12":108,"13":108,"14":108,"15":108,"17":108,"18":108,"19":27,"20":27,"21":27,"23":108,"25":108},"branchMap":{"0":{"type":"branch","line":5,"loc":{"start":{"line":5,"column":57},"end":{"line":26,"column":2}},"locations":[{"start":{"line":5,"column":57},"end":{"line":26,"column":2}}]},"1":{"type":"branch","line":14,"loc":{"start":{"line":14,"column":34},"end":{"line":14,"column":71}},"locations":[{"start":{"line":14,"column":34},"end":{"line":14,"column":71}}]},"2":{"type":"branch","line":14,"loc":{"start":{"line":14,"column":45},"end":{"line":14,"column":73}},"locations":[{"start":{"line":14,"column":45},"end":{"line":14,"column":73}}]},"3":{"type":"branch","line":19,"loc":{"start":{"line":19,"column":17},"end":{"line":22,"column":15}},"locations":[{"start":{"line":19,"column":17},"end":{"line":22,"column":15}}]}},"b":{"0":[108],"1":[25],"2":[83],"3":[27]},"fnMap":{"0":{"name":"FilterButton","decl":{"start":{"line":5,"column":57},"end":{"line":26,"column":2}},"loc":{"start":{"line":5,"column":57},"end":{"line":26,"column":2}},"line":5}},"f":{"0":108}}
,"/Users/gio.justinianoplata/Desktop/thoughtflix/src/components/FilterButton/index.ts": {"path":"/Users/gio.justinianoplata/Desktop/thoughtflix/src/components/FilterButton/index.ts","all":false,"statementMap":{"0":{"start":{"line":1,"column":0},"end":{"line":1,"column":46}}},"s":{"0":1},"branchMap":{},"b":{},"fnMap":{},"f":{}}
,"/Users/gio.justinianoplata/Desktop/thoughtflix/src/components/FilterDropdown/FilterDropdown.tsx": {"path":"/Users/gio.justinianoplata/Desktop/thoughtflix/src/components/FilterDropdown/FilterDropdown.tsx","all":false,"statementMap":{"0":{"start":{"line":1,"column":0},"end":{"line":1,"column":49}},"1":{"start":{"line":2,"column":0},"end":{"line":2,"column":67}},"2":{"start":{"line":3,"column":0},"end":{"line":3,"column":30}},"4":{"start":{"line":5,"column":0},"end":{"line":5,"column":63}},"5":{"start":{"line":6,"column":0},"end":{"line":6,"column":9}},"6":{"start":{"line":7,"column":0},"end":{"line":7,"column":10}},"7":{"start":{"line":8,"column":0},"end":{"line":8,"column":11}},"8":{"start":{"line":9,"column":0},"end":{"line":9,"column":8}},"9":{"start":{"line":10,"column":0},"end":{"line":10,"column":7}},"10":{"start":{"line":11,"column":0},"end":{"line":11,"column":51}},"11":{"start":{"line":12,"column":0},"end":{"line":12,"column":57}},"13":{"start":{"line":14,"column":0},"end":{"line":14,"column":19}},"14":{"start":{"line":15,"column":0},"end":{"line":15,"column":17}},"16":{"start":{"line":17,"column":0},"end":{"line":17,"column":38}},"17":{"start":{"line":18,"column":0},"end":{"line":18,"column":5}},"18":{"start":{"line":19,"column":0},"end":{"line":19,"column":15}},"20":{"start":{"line":21,"column":0},"end":{"line":21,"column":19}},"21":{"start":{"line":22,"column":0},"end":{"line":22,"column":55}},"22":{"start":{"line":23,"column":0},"end":{"line":23,"column":45}},"23":{"start":{"line":24,"column":0},"end":{"line":24,"column":18}},"24":{"start":{"line":25,"column":0},"end":{"line":25,"column":7}},"25":{"start":{"line":26,"column":0},"end":{"line":26,"column":6}},"27":{"start":{"line":28,"column":0},"end":{"line":28,"column":17}},"28":{"start":{"line":29,"column":0},"end":{"line":29,"column":60}},"30":{"start":{"line":31,"column":0},"end":{"line":31,"column":46}},"31":{"start":{"line":32,"column":0},"end":{"line":32,"column":5}},"33":{"start":{"line":34,"column":0},"end":{"line":34,"column":18}},"34":{"start":{"line":35,"column":0},"end":{"line":35,"column":63}},"35":{"start":{"line":36,"column":0},"end":{"line":36,"column":45}},"36":{"start":{"line":37,"column":0},"end":{"line":37,"column":6}},"37":{"start":{"line":38,"column":0},"end":{"line":38,"column":24}},"39":{"start":{"line":40,"column":0},"end":{"line":40,"column":76}},"40":{"start":{"line":41,"column":0},"end":{"line":41,"column":47}},"41":{"start":{"line":42,"column":0},"end":{"line":42,"column":16}},"42":{"start":{"line":43,"column":0},"end":{"line":43,"column":5}},"43":{"start":{"line":44,"column":0},"end":{"line":44,"column":4}},"45":{"start":{"line":46,"column":0},"end":{"line":46,"column":16}},"46":{"start":{"line":47,"column":0},"end":{"line":47,"column":16}},"47":{"start":{"line":48,"column":0},"end":{"line":48,"column":3}},"49":{"start":{"line":50,"column":0},"end":{"line":50,"column":10}},"50":{"start":{"line":51,"column":0},"end":{"line":51,"column":8}},"51":{"start":{"line":52,"column":0},"end":{"line":52,"column":42}},"52":{"start":{"line":53,"column":0},"end":{"line":53,"column":44}},"53":{"start":{"line":54,"column":0},"end":{"line":54,"column":35}},"55":{"start":{"line":56,"column":0},"end":{"line":56,"column":10}},"56":{"start":{"line":57,"column":0},"end":{"line":57,"column":25}},"57":{"start":{"line":58,"column":0},"end":{"line":58,"column":35}},"58":{"start":{"line":59,"column":0},"end":{"line":59,"column":21}},"59":{"start":{"line":60,"column":0},"end":{"line":60,"column":25}},"60":{"start":{"line":61,"column":0},"end":{"line":61,"column":47}},"62":{"start":{"line":63,"column":0},"end":{"line":63,"column":49}},"63":{"start":{"line":64,"column":0},"end":{"line":64,"column":76}},"64":{"start":{"line":65,"column":0},"end":{"line":65,"column":19}},"65":{"start":{"line":66,"column":0},"end":{"line":66,"column":15}},"66":{"start":{"line":67,"column":0},"end":{"line":67,"column":17}},"67":{"start":{"line":68,"column":0},"end":{"line":68,"column":32}},"68":{"start":{"line":69,"column":0},"end":{"line":69,"column":46}},"69":{"start":{"line":70,"column":0},"end":{"line":70,"column":29}},"70":{"start":{"line":71,"column":0},"end":{"line":71,"column":30}},"71":{"start":{"line":72,"column":0},"end":{"line":72,"column":25}},"73":{"start":{"line":74,"column":0},"end":{"line":74,"column":66}},"74":{"start":{"line":75,"column":0},"end":{"line":75,"column":19}},"75":{"start":{"line":76,"column":0},"end":{"line":76,"column":14}},"76":{"start":{"line":77,"column":0},"end":{"line":77,"column":50}},"77":{"start":{"line":78,"column":0},"end":{"line":78,"column":20}},"78":{"start":{"line":79,"column":0},"end":{"line":79,"column":14}},"79":{"start":{"line":80,"column":0},"end":{"line":80,"column":12}},"80":{"start":{"line":81,"column":0},"end":{"line":81,"column":10}},"82":{"start":{"line":83,"column":0},"end":{"line":83,"column":2}}},"s":{"0":1,"1":1,"2":1,"4":1,"5":37,"6":37,"7":37,"8":37,"9":37,"10":37,"11":37,"13":37,"14":35,"16":34,"17":34,"18":37,"20":37,"21":35,"22":5,"23":2,"24":2,"25":5,"27":35,"28":34,"30":34,"31":34,"33":35,"34":35,"35":35,"36":35,"37":37,"39":37,"40":11,"41":1,"42":1,"43":11,"45":37,"46":1,"47":1,"49":36,"50":36,"51":36,"52":36,"53":36,"55":36,"56":36,"57":36,"58":36,"59":36,"60":36,"62":36,"63":36,"64":36,"65":36,"66":36,"67":36,"68":36,"69":36,"70":36,"71":36,"73":36,"74":36,"75":36,"76":36,"77":36,"78":36,"79":36,"80":36,"82":36},"branchMap":{"0":{"type":"branch","line":5,"loc":{"start":{"line":5,"column":61},"end":{"line":83,"column":2}},"locations":[{"start":{"line":5,"column":61},"end":{"line":83,"column":2}}]},"1":{"type":"branch","line":46,"loc":{"start":{"line":46,"column":15},"end":{"line":48,"column":3}},"locations":[{"start":{"line":46,"column":15},"end":{"line":48,"column":3}}]},"2":{"type":"branch","line":48,"loc":{"start":{"line":48,"column":2},"end":{"line":83,"column":2}},"locations":[{"start":{"line":48,"column":2},"end":{"line":83,"column":2}}]},"3":{"type":"branch","line":14,"loc":{"start":{"line":14,"column":12},"end":{"line":19,"column":5}},"locations":[{"start":{"line":14,"column":12},"end":{"line":19,"column":5}}]},"4":{"type":"branch","line":15,"loc":{"start":{"line":15,"column":16},"end":{"line":18,"column":5}},"locations":[{"start":{"line":15,"column":16},"end":{"line":18,"column":5}}]},"5":{"type":"branch","line":21,"loc":{"start":{"line":21,"column":12},"end":{"line":38,"column":5}},"locations":[{"start":{"line":21,"column":12},"end":{"line":38,"column":5}}]},"6":{"type":"branch","line":28,"loc":{"start":{"line":28,"column":16},"end":{"line":32,"column":5}},"locations":[{"start":{"line":28,"column":16},"end":{"line":32,"column":5}}]},"7":{"type":"branch","line":22,"loc":{"start":{"line":22,"column":28},"end":{"line":26,"column":6}},"locations":[{"start":{"line":22,"column":28},"end":{"line":26,"column":6}}]},"8":{"type":"branch","line":23,"loc":{"start":{"line":23,"column":24},"end":{"line":23,"column":44}},"locations":[{"start":{"line":23,"column":24},"end":{"line":23,"column":44}}]},"9":{"type":"branch","line":23,"loc":{"start":{"line":23,"column":44},"end":{"line":25,"column":7}},"locations":[{"start":{"line":23,"column":44},"end":{"line":25,"column":7}}]},"10":{"type":"branch","line":34,"loc":{"start":{"line":34,"column":11},"end":{"line":37,"column":6}},"locations":[{"start":{"line":34,"column":11},"end":{"line":37,"column":6}}]},"11":{"type":"branch","line":40,"loc":{"start":{"line":40,"column":30},"end":{"line":44,"column":4}},"locations":[{"start":{"line":40,"column":30},"end":{"line":44,"column":4}}]},"12":{"type":"branch","line":41,"loc":{"start":{"line":41,"column":46},"end":{"line":43,"column":5}},"locations":[{"start":{"line":41,"column":46},"end":{"line":43,"column":5}}]}},"b":{"0":[37],"1":[1],"2":[36],"3":[35],"4":[34],"5":[35],"6":[34],"7":[5],"8":[2],"9":[2],"10":[35],"11":[11],"12":[1]},"fnMap":{"0":{"name":"FilterDropdown","decl":{"start":{"line":5,"column":61},"end":{"line":83,"column":2}},"loc":{"start":{"line":5,"column":61},"end":{"line":83,"column":2}},"line":5},"1":{"name":"handleEscapeKey","decl":{"start":{"line":22,"column":28},"end":{"line":26,"column":6}},"loc":{"start":{"line":22,"column":28},"end":{"line":26,"column":6}},"line":22},"2":{"name":"handleBackdropClick","decl":{"start":{"line":40,"column":30},"end":{"line":44,"column":4}},"loc":{"start":{"line":40,"column":30},"end":{"line":44,"column":4}},"line":40}},"f":{"0":37,"1":5,"2":11}}
,"/Users/gio.justinianoplata/Desktop/thoughtflix/src/components/FilterDropdown/index.ts": {"path":"/Users/gio.justinianoplata/Desktop/thoughtflix/src/components/FilterDropdown/index.ts","all":false,"statementMap":{"0":{"start":{"line":1,"column":0},"end":{"line":1,"column":50}}},"s":{"0":1},"branchMap":{},"b":{},"fnMap":{},"f":{}}
,"/Users/gio.justinianoplata/Desktop/thoughtflix/src/components/FilterSection/FilterSection.tsx": {"path":"/Users/gio.justinianoplata/Desktop/thoughtflix/src/components/FilterSection/FilterSection.tsx","all":false,"statementMap":{"0":{"start":{"line":1,"column":0},"end":{"line":1,"column":26}},"1":{"start":{"line":2,"column":0},"end":{"line":2,"column":66}},"2":{"start":{"line":3,"column":0},"end":{"line":3,"column":29}},"4":{"start":{"line":5,"column":0},"end":{"line":5,"column":61}},"5":{"start":{"line":6,"column":0},"end":{"line":6,"column":8}},"6":{"start":{"line":7,"column":0},"end":{"line":7,"column":11}},"7":{"start":{"line":8,"column":0},"end":{"line":8,"column":13}},"8":{"start":{"line":9,"column":0},"end":{"line":9,"column":23}},"9":{"start":{"line":10,"column":0},"end":{"line":10,"column":7}},"10":{"start":{"line":11,"column":0},"end":{"line":11,"column":32}},"11":{"start":{"line":12,"column":0},"end":{"line":12,"column":19}},"12":{"start":{"line":13,"column":0},"end":{"line":13,"column":4}},"14":{"start":{"line":15,"column":0},"end":{"line":15,"column":10}},"15":{"start":{"line":16,"column":0},"end":{"line":16,"column":73}},"16":{"start":{"line":17,"column":0},"end":{"line":17,"column":46}},"17":{"start":{"line":18,"column":0},"end":{"line":18,"column":58}},"18":{"start":{"line":19,"column":0},"end":{"line":19,"column":24}},"19":{"start":{"line":20,"column":0},"end":{"line":20,"column":17}},"20":{"start":{"line":21,"column":0},"end":{"line":21,"column":25}},"21":{"start":{"line":22,"column":0},"end":{"line":22,"column":102}},"22":{"start":{"line":23,"column":0},"end":{"line":23,"column":36}},"23":{"start":{"line":24,"column":0},"end":{"line":24,"column":45}},"24":{"start":{"line":25,"column":0},"end":{"line":25,"column":11}},"26":{"start":{"line":27,"column":0},"end":{"line":27,"column":19}},"28":{"start":{"line":29,"column":0},"end":{"line":29,"column":12}},"29":{"start":{"line":30,"column":0},"end":{"line":30,"column":47}},"30":{"start":{"line":31,"column":0},"end":{"line":31,"column":18}},"31":{"start":{"line":32,"column":0},"end":{"line":32,"column":12}},"32":{"start":{"line":33,"column":0},"end":{"line":33,"column":14}},"34":{"start":{"line":35,"column":0},"end":{"line":35,"column":2}}},"s":{"0":1,"1":1,"2":1,"4":1,"5":103,"6":103,"7":103,"8":103,"9":103,"10":103,"11":1,"12":1,"14":103,"15":103,"16":103,"17":103,"18":103,"19":76,"20":76,"21":76,"22":76,"23":76,"24":76,"26":76,"28":103,"29":103,"30":103,"31":103,"32":103,"34":103},"branchMap":{"0":{"type":"branch","line":5,"loc":{"start":{"line":5,"column":59},"end":{"line":35,"column":2}},"locations":[{"start":{"line":5,"column":59},"end":{"line":35,"column":2}}]},"1":{"type":"branch","line":19,"loc":{"start":{"line":19,"column":9},"end":{"line":27,"column":19}},"locations":[{"start":{"line":19,"column":9},"end":{"line":27,"column":19}}]},"2":{"type":"branch","line":22,"loc":{"start":{"line":22,"column":48},"end":{"line":22,"column":97}},"locations":[{"start":{"line":22,"column":48},"end":{"line":22,"column":97}}]},"3":{"type":"branch","line":22,"loc":{"start":{"line":22,"column":63},"end":{"line":22,"column":99}},"locations":[{"start":{"line":22,"column":63},"end":{"line":22,"column":99}}]},"4":{"type":"branch","line":11,"loc":{"start":{"line":11,"column":25},"end":{"line":13,"column":4}},"locations":[{"start":{"line":11,"column":25},"end":{"line":13,"column":4}}]}},"b":{"0":[103],"1":[76],"2":[1],"3":[75],"4":[1]},"fnMap":{"0":{"name":"FilterSection","decl":{"start":{"line":5,"column":59},"end":{"line":35,"column":2}},"loc":{"start":{"line":5,"column":59},"end":{"line":35,"column":2}},"line":5},"1":{"name":"handleClearAll","decl":{"start":{"line":11,"column":25},"end":{"line":13,"column":4}},"loc":{"start":{"line":11,"column":25},"end":{"line":13,"column":4}},"line":11}},"f":{"0":103,"1":1}}
,"/Users/gio.justinianoplata/Desktop/thoughtflix/src/components/FilterSection/index.ts": {"path":"/Users/gio.justinianoplata/Desktop/thoughtflix/src/components/FilterSection/index.ts","all":false,"statementMap":{"0":{"start":{"line":1,"column":0},"end":{"line":1,"column":48}}},"s":{"0":1},"branchMap":{},"b":{},"fnMap":{},"f":{}}
,"/Users/gio.justinianoplata/Desktop/thoughtflix/src/components/GenreFilter/GenreFilter.tsx": {"path":"/Users/gio.justinianoplata/Desktop/thoughtflix/src/components/GenreFilter/GenreFilter.tsx","all":false,"statementMap":{"0":{"start":{"line":1,"column":0},"end":{"line":1,"column":26}},"1":{"start":{"line":2,"column":0},"end":{"line":2,"column":64}},"2":{"start":{"line":3,"column":0},"end":{"line":3,"column":27}},"4":{"start":{"line":5,"column":0},"end":{"line":5,"column":57}},"5":{"start":{"line":6,"column":0},"end":{"line":6,"column":9}},"6":{"start":{"line":7,"column":0},"end":{"line":7,"column":17}},"7":{"start":{"line":8,"column":0},"end":{"line":8,"column":16}},"8":{"start":{"line":9,"column":0},"end":{"line":9,"column":14}},"9":{"start":{"line":10,"column":0},"end":{"line":10,"column":13}},"10":{"start":{"line":11,"column":0},"end":{"line":11,"column":7}},"11":{"start":{"line":12,"column":0},"end":{"line":12,"column":49}},"12":{"start":{"line":13,"column":0},"end":{"line":13,"column":29}},"13":{"start":{"line":14,"column":0},"end":{"line":14,"column":4}},"15":{"start":{"line":16,"column":0},"end":{"line":16,"column":33}},"16":{"start":{"line":17,"column":0},"end":{"line":17,"column":20}},"17":{"start":{"line":18,"column":0},"end":{"line":18,"column":4}},"19":{"start":{"line":20,"column":0},"end":{"line":20,"column":32}},"20":{"start":{"line":21,"column":0},"end":{"line":21,"column":19}},"21":{"start":{"line":22,"column":0},"end":{"line":22,"column":4}},"23":{"start":{"line":24,"column":0},"end":{"line":24,"column":28}},"24":{"start":{"line":25,"column":0},"end":{"line":25,"column":12}},"25":{"start":{"line":26,"column":0},"end":{"line":26,"column":36}},"26":{"start":{"line":27,"column":0},"end":{"line":27,"column":45}},"27":{"start":{"line":28,"column":0},"end":{"line":28,"column":36}},"28":{"start":{"line":29,"column":0},"end":{"line":29,"column":14}},"29":{"start":{"line":30,"column":0},"end":{"line":30,"column":12}},"31":{"start":{"line":32,"column":0},"end":{"line":32,"column":3}},"33":{"start":{"line":34,"column":0},"end":{"line":34,"column":10}},"34":{"start":{"line":35,"column":0},"end":{"line":35,"column":34}},"35":{"start":{"line":36,"column":0},"end":{"line":36,"column":44}},"36":{"start":{"line":37,"column":0},"end":{"line":37,"column":55}},"37":{"start":{"line":38,"column":0},"end":{"line":38,"column":47}},"38":{"start":{"line":39,"column":0},"end":{"line":39,"column":17}},"39":{"start":{"line":40,"column":0},"end":{"line":40,"column":25}},"40":{"start":{"line":41,"column":0},"end":{"line":41,"column":44}},"41":{"start":{"line":42,"column":0},"end":{"line":42,"column":37}},"42":{"start":{"line":43,"column":0},"end":{"line":43,"column":42}},"43":{"start":{"line":44,"column":0},"end":{"line":44,"column":11}},"45":{"start":{"line":46,"column":0},"end":{"line":46,"column":19}},"46":{"start":{"line":47,"column":0},"end":{"line":47,"column":17}},"47":{"start":{"line":48,"column":0},"end":{"line":48,"column":25}},"48":{"start":{"line":49,"column":0},"end":{"line":49,"column":44}},"49":{"start":{"line":50,"column":0},"end":{"line":50,"column":36}},"50":{"start":{"line":51,"column":0},"end":{"line":51,"column":51}},"51":{"start":{"line":52,"column":0},"end":{"line":52,"column":11}},"53":{"start":{"line":54,"column":0},"end":{"line":54,"column":19}},"54":{"start":{"line":55,"column":0},"end":{"line":55,"column":14}},"55":{"start":{"line":56,"column":0},"end":{"line":56,"column":12}},"57":{"start":{"line":58,"column":0},"end":{"line":58,"column":80}},"58":{"start":{"line":59,"column":0},"end":{"line":59,"column":32}},"59":{"start":{"line":60,"column":0},"end":{"line":60,"column":63}},"61":{"start":{"line":62,"column":0},"end":{"line":62,"column":18}},"62":{"start":{"line":63,"column":0},"end":{"line":63,"column":62}},"63":{"start":{"line":64,"column":0},"end":{"line":64,"column":21}},"64":{"start":{"line":65,"column":0},"end":{"line":65,"column":29}},"65":{"start":{"line":66,"column":0},"end":{"line":66,"column":56}},"66":{"start":{"line":67,"column":0},"end":{"line":67,"column":64}},"67":{"start":{"line":68,"column":0},"end":{"line":68,"column":19}},"68":{"start":{"line":69,"column":0},"end":{"line":69,"column":58}},"69":{"start":{"line":70,"column":0},"end":{"line":70,"column":41}},"70":{"start":{"line":71,"column":0},"end":{"line":71,"column":88}},"72":{"start":{"line":73,"column":0},"end":{"line":73,"column":77}},"73":{"start":{"line":74,"column":0},"end":{"line":74,"column":32}},"74":{"start":{"line":75,"column":0},"end":{"line":75,"column":80}},"76":{"start":{"line":77,"column":0},"end":{"line":77,"column":25}},"78":{"start":{"line":79,"column":0},"end":{"line":79,"column":23}},"79":{"start":{"line":80,"column":0},"end":{"line":80,"column":17}},"81":{"start":{"line":82,"column":0},"end":{"line":82,"column":11}},"82":{"start":{"line":83,"column":0},"end":{"line":83,"column":11}},"83":{"start":{"line":84,"column":0},"end":{"line":84,"column":10}},"85":{"start":{"line":86,"column":0},"end":{"line":86,"column":2}}},"s":{"0":1,"1":1,"2":1,"4":1,"5":38,"6":38,"7":38,"8":38,"9":38,"10":38,"11":38,"12":5,"13":5,"15":38,"16":2,"17":2,"19":38,"20":2,"21":2,"23":38,"24":11,"25":11,"26":11,"27":11,"28":11,"29":11,"31":11,"33":27,"34":27,"35":27,"36":27,"37":27,"38":27,"39":27,"40":27,"41":27,"42":27,"43":27,"45":27,"46":27,"47":27,"48":27,"49":27,"50":27,"51":27,"53":27,"54":27,"55":27,"57":27,"58":27,"59":102,"61":102,"62":102,"63":102,"64":102,"65":102,"66":102,"67":102,"68":102,"69":102,"70":102,"72":102,"73":102,"74":10,"76":10,"78":102,"79":102,"81":27,"82":27,"83":27,"85":27},"branchMap":{"0":{"type":"branch","line":5,"loc":{"start":{"line":5,"column":55},"end":{"line":86,"column":2}},"locations":[{"start":{"line":5,"column":55},"end":{"line":86,"column":2}}]},"1":{"type":"branch","line":24,"loc":{"start":{"line":24,"column":27},"end":{"line":32,"column":3}},"locations":[{"start":{"line":24,"column":27},"end":{"line":32,"column":3}}]},"2":{"type":"branch","line":32,"loc":{"start":{"line":32,"column":2},"end":{"line":86,"column":2}},"locations":[{"start":{"line":32,"column":2},"end":{"line":86,"column":2}}]},"3":{"type":"branch","line":12,"loc":{"start":{"line":12,"column":27},"end":{"line":14,"column":4}},"locations":[{"start":{"line":12,"column":27},"end":{"line":14,"column":4}}]},"4":{"type":"branch","line":16,"loc":{"start":{"line":16,"column":26},"end":{"line":18,"column":4}},"locations":[{"start":{"line":16,"column":26},"end":{"line":18,"column":4}}]},"5":{"type":"branch","line":20,"loc":{"start":{"line":20,"column":25},"end":{"line":22,"column":4}},"locations":[{"start":{"line":20,"column":25},"end":{"line":22,"column":4}}]},"6":{"type":"branch","line":59,"loc":{"start":{"line":59,"column":20},"end":{"line":82,"column":9}},"locations":[{"start":{"line":59,"column":20},"end":{"line":82,"column":9}}]},"7":{"type":"branch","line":67,"loc":{"start":{"line":67,"column":18},"end":{"line":67,"column":62}},"locations":[{"start":{"line":67,"column":18},"end":{"line":67,"column":62}}]},"8":{"type":"branch","line":67,"loc":{"start":{"line":67,"column":31},"end":{"line":67,"column":64}},"locations":[{"start":{"line":67,"column":31},"end":{"line":67,"column":64}}]},"9":{"type":"branch","line":71,"loc":{"start":{"line":71,"column":31},"end":{"line":71,"column":57}},"locations":[{"start":{"line":71,"column":31},"end":{"line":71,"column":57}}]},"10":{"type":"branch","line":71,"loc":{"start":{"line":71,"column":44},"end":{"line":71,"column":65}},"locations":[{"start":{"line":71,"column":44},"end":{"line":71,"column":65}}]},"11":{"type":"branch","line":74,"loc":{"start":{"line":74,"column":17},"end":{"line":77,"column":25}},"locations":[{"start":{"line":74,"column":17},"end":{"line":77,"column":25}}]},"12":{"type":"branch","line":69,"loc":{"start":{"line":69,"column":25},"end":{"line":69,"column":58}},"locations":[{"start":{"line":69,"column":25},"end":{"line":69,"column":58}}]}},"b":{"0":[38],"1":[11],"2":[27],"3":[5],"4":[2],"5":[2],"6":[102],"7":[10],"8":[92],"9":[10],"10":[92],"11":[10],"12":[5]},"fnMap":{"0":{"name":"GenreFilter","decl":{"start":{"line":5,"column":55},"end":{"line":86,"column":2}},"loc":{"start":{"line":5,"column":55},"end":{"line":86,"column":2}},"line":5},"1":{"name":"handleGenreClick","decl":{"start":{"line":12,"column":27},"end":{"line":14,"column":4}},"loc":{"start":{"line":12,"column":27},"end":{"line":14,"column":4}},"line":12},"2":{"name":"handleSelectAll","decl":{"start":{"line":16,"column":26},"end":{"line":18,"column":4}},"loc":{"start":{"line":16,"column":26},"end":{"line":18,"column":4}},"line":16},"3":{"name":"handleClearAll","decl":{"start":{"line":20,"column":25},"end":{"line":22,"column":4}},"loc":{"start":{"line":20,"column":25},"end":{"line":22,"column":4}},"line":20},"4":{"name":"onClick","decl":{"start":{"line":69,"column":25},"end":{"line":69,"column":58}},"loc":{"start":{"line":69,"column":25},"end":{"line":69,"column":58}},"line":69}},"f":{"0":38,"1":5,"2":2,"3":2,"4":5}}
,"/Users/gio.justinianoplata/Desktop/thoughtflix/src/components/GenreFilter/index.ts": {"path":"/Users/gio.justinianoplata/Desktop/thoughtflix/src/components/GenreFilter/index.ts","all":false,"statementMap":{"0":{"start":{"line":1,"column":0},"end":{"line":1,"column":44}}},"s":{"0":1},"branchMap":{},"b":{},"fnMap":{},"f":{}}
,"/Users/gio.justinianoplata/Desktop/thoughtflix/src/components/HeroSection/HeroSection.tsx": {"path":"/Users/gio.justinianoplata/Desktop/thoughtflix/src/components/HeroSection/HeroSection.tsx","all":false,"statementMap":{"0":{"start":{"line":1,"column":0},"end":{"line":1,"column":26}},"1":{"start":{"line":2,"column":0},"end":{"line":2,"column":64}},"2":{"start":{"line":3,"column":0},"end":{"line":3,"column":27}},"4":{"start":{"line":5,"column":0},"end":{"line":5,"column":57}},"5":{"start":{"line":6,"column":0},"end":{"line":6,"column":8}},"6":{"start":{"line":7,"column":0},"end":{"line":7,"column":14}},"7":{"start":{"line":8,"column":0},"end":{"line":8,"column":18}},"8":{"start":{"line":9,"column":0},"end":{"line":9,"column":7}},"9":{"start":{"line":10,"column":0},"end":{"line":10,"column":33}},"10":{"start":{"line":11,"column":0},"end":{"line":11,"column":25}},"11":{"start":{"line":12,"column":0},"end":{"line":12,"column":4}},"13":{"start":{"line":14,"column":0},"end":{"line":14,"column":37}},"14":{"start":{"line":15,"column":0},"end":{"line":15,"column":29}},"15":{"start":{"line":16,"column":0},"end":{"line":16,"column":4}},"17":{"start":{"line":18,"column":0},"end":{"line":18,"column":78}},"18":{"start":{"line":19,"column":0},"end":{"line":19,"column":53}},"19":{"start":{"line":20,"column":0},"end":{"line":20,"column":29}},"20":{"start":{"line":21,"column":0},"end":{"line":21,"column":16}},"21":{"start":{"line":22,"column":0},"end":{"line":22,"column":5}},"22":{"start":{"line":23,"column":0},"end":{"line":23,"column":4}},"25":{"start":{"line":26,"column":0},"end":{"line":26,"column":15}},"26":{"start":{"line":27,"column":0},"end":{"line":27,"column":12}},"27":{"start":{"line":28,"column":0},"end":{"line":28,"column":63}},"28":{"start":{"line":29,"column":0},"end":{"line":29,"column":40}},"29":{"start":{"line":30,"column":0},"end":{"line":30,"column":65}},"30":{"start":{"line":31,"column":0},"end":{"line":31,"column":37}},"31":{"start":{"line":32,"column":0},"end":{"line":32,"column":64}},"33":{"start":{"line":34,"column":0},"end":{"line":34,"column":17}},"34":{"start":{"line":35,"column":0},"end":{"line":35,"column":16}},"35":{"start":{"line":36,"column":0},"end":{"line":36,"column":14}},"36":{"start":{"line":37,"column":0},"end":{"line":37,"column":12}},"38":{"start":{"line":39,"column":0},"end":{"line":39,"column":3}},"40":{"start":{"line":41,"column":0},"end":{"line":41,"column":10}},"41":{"start":{"line":42,"column":0},"end":{"line":42,"column":8}},"42":{"start":{"line":43,"column":0},"end":{"line":43,"column":32}},"43":{"start":{"line":44,"column":0},"end":{"line":44,"column":30}},"44":{"start":{"line":45,"column":0},"end":{"line":45,"column":14}},"45":{"start":{"line":46,"column":0},"end":{"line":46,"column":55}},"46":{"start":{"line":47,"column":0},"end":{"line":47,"column":8}},"48":{"start":{"line":49,"column":0},"end":{"line":49,"column":38}},"49":{"start":{"line":50,"column":0},"end":{"line":50,"column":63}},"50":{"start":{"line":51,"column":0},"end":{"line":51,"column":35}},"51":{"start":{"line":52,"column":0},"end":{"line":52,"column":62}},"52":{"start":{"line":53,"column":0},"end":{"line":53,"column":25}},"53":{"start":{"line":54,"column":0},"end":{"line":54,"column":15}},"54":{"start":{"line":55,"column":0},"end":{"line":55,"column":29}},"55":{"start":{"line":56,"column":0},"end":{"line":56,"column":59}},"57":{"start":{"line":58,"column":0},"end":{"line":58,"column":67}},"58":{"start":{"line":59,"column":0},"end":{"line":59,"column":28}},"59":{"start":{"line":60,"column":0},"end":{"line":60,"column":14}},"60":{"start":{"line":61,"column":0},"end":{"line":61,"column":67}},"61":{"start":{"line":62,"column":0},"end":{"line":62,"column":19}},"62":{"start":{"line":63,"column":0},"end":{"line":63,"column":58}},"63":{"start":{"line":64,"column":0},"end":{"line":64,"column":39}},"64":{"start":{"line":65,"column":0},"end":{"line":65,"column":66}},"65":{"start":{"line":66,"column":0},"end":{"line":66,"column":31}},"66":{"start":{"line":67,"column":0},"end":{"line":67,"column":26}},"68":{"start":{"line":69,"column":0},"end":{"line":69,"column":57}},"70":{"start":{"line":71,"column":0},"end":{"line":71,"column":21}},"71":{"start":{"line":72,"column":0},"end":{"line":72,"column":19}},"72":{"start":{"line":73,"column":0},"end":{"line":73,"column":60}},"73":{"start":{"line":74,"column":0},"end":{"line":74,"column":43}},"74":{"start":{"line":75,"column":0},"end":{"line":75,"column":70}},"75":{"start":{"line":76,"column":0},"end":{"line":76,"column":36}},"76":{"start":{"line":77,"column":0},"end":{"line":77,"column":26}},"78":{"start":{"line":79,"column":0},"end":{"line":79,"column":57}},"80":{"start":{"line":81,"column":0},"end":{"line":81,"column":21}},"81":{"start":{"line":82,"column":0},"end":{"line":82,"column":16}},"82":{"start":{"line":83,"column":0},"end":{"line":83,"column":14}},"83":{"start":{"line":84,"column":0},"end":{"line":84,"column":12}},"84":{"start":{"line":85,"column":0},"end":{"line":85,"column":10}},"86":{"start":{"line":87,"column":0},"end":{"line":87,"column":2}}},"s":{"0":1,"1":1,"2":1,"4":1,"5":58,"6":58,"7":58,"8":58,"9":58,"10":10,"11":10,"13":58,"14":10,"15":10,"17":58,"18":4,"19":4,"20":4,"21":4,"22":4,"25":58,"26":1,"27":1,"28":1,"29":1,"30":1,"31":1,"33":1,"34":1,"35":1,"36":1,"38":1,"40":57,"41":57,"42":57,"43":57,"44":57,"45":57,"46":57,"48":57,"49":57,"50":57,"51":57,"52":57,"53":57,"54":57,"55":56,"57":58,"58":58,"59":58,"60":58,"61":58,"62":58,"63":58,"64":58,"65":58,"66":58,"68":58,"70":58,"71":58,"72":58,"73":58,"74":58,"75":58,"76":58,"78":58,"80":58,"81":58,"82":58,"83":58,"84":58,"86":58},"branchMap":{"0":{"type":"branch","line":5,"loc":{"start":{"line":5,"column":55},"end":{"line":87,"column":2}},"locations":[{"start":{"line":5,"column":55},"end":{"line":87,"column":2}}]},"1":{"type":"branch","line":26,"loc":{"start":{"line":26,"column":14},"end":{"line":39,"column":3}},"locations":[{"start":{"line":26,"column":14},"end":{"line":39,"column":3}}]},"2":{"type":"branch","line":39,"loc":{"start":{"line":39,"column":2},"end":{"line":56,"column":59}},"locations":[{"start":{"line":39,"column":2},"end":{"line":56,"column":59}}]},"3":{"type":"branch","line":55,"loc":{"start":{"line":55,"column":17},"end":{"line":56,"column":59}},"locations":[{"start":{"line":55,"column":17},"end":{"line":56,"column":59}}]},"4":{"type":"branch","line":10,"loc":{"start":{"line":10,"column":26},"end":{"line":12,"column":4}},"locations":[{"start":{"line":10,"column":26},"end":{"line":12,"column":4}}]},"5":{"type":"branch","line":11,"loc":{"start":{"line":11,"column":4},"end":{"line":11,"column":25}},"locations":[{"start":{"line":11,"column":4},"end":{"line":11,"column":25}}]},"6":{"type":"branch","line":14,"loc":{"start":{"line":14,"column":30},"end":{"line":16,"column":4}},"locations":[{"start":{"line":14,"column":30},"end":{"line":16,"column":4}}]},"7":{"type":"branch","line":15,"loc":{"start":{"line":15,"column":4},"end":{"line":15,"column":29}},"locations":[{"start":{"line":15,"column":4},"end":{"line":15,"column":29}}]},"8":{"type":"branch","line":18,"loc":{"start":{"line":18,"column":24},"end":{"line":23,"column":4}},"locations":[{"start":{"line":18,"column":24},"end":{"line":23,"column":4}}]},"9":{"type":"branch","line":19,"loc":{"start":{"line":19,"column":22},"end":{"line":19,"column":52}},"locations":[{"start":{"line":19,"column":22},"end":{"line":19,"column":52}}]},"10":{"type":"branch","line":65,"loc":{"start":{"line":65,"column":25},"end":{"line":65,"column":66}},"locations":[{"start":{"line":65,"column":25},"end":{"line":65,"column":66}}]},"11":{"type":"branch","line":75,"loc":{"start":{"line":75,"column":25},"end":{"line":75,"column":70}},"locations":[{"start":{"line":75,"column":25},"end":{"line":75,"column":70}}]}},"b":{"0":[58],"1":[1],"2":[57],"3":[56],"4":[10],"5":[7],"6":[10],"7":[7],"8":[4],"9":[2],"10":[2],"11":[2]},"fnMap":{"0":{"name":"HeroSection","decl":{"start":{"line":5,"column":55},"end":{"line":87,"column":2}},"loc":{"start":{"line":5,"column":55},"end":{"line":87,"column":2}},"line":5},"1":{"name":"handlePlayClick","decl":{"start":{"line":10,"column":26},"end":{"line":12,"column":4}},"loc":{"start":{"line":10,"column":26},"end":{"line":12,"column":4}},"line":10},"2":{"name":"handleMoreInfoClick","decl":{"start":{"line":14,"column":30},"end":{"line":16,"column":4}},"loc":{"start":{"line":14,"column":30},"end":{"line":16,"column":4}},"line":14},"3":{"name":"handleKeyDown","decl":{"start":{"line":18,"column":24},"end":{"line":23,"column":4}},"loc":{"start":{"line":18,"column":24},"end":{"line":23,"column":4}},"line":18},"4":{"name":"onKeyDown","decl":{"start":{"line":65,"column":25},"end":{"line":65,"column":66}},"loc":{"start":{"line":65,"column":25},"end":{"line":65,"column":66}},"line":65},"5":{"name":"onKeyDown","decl":{"start":{"line":75,"column":25},"end":{"line":75,"column":70}},"loc":{"start":{"line":75,"column":25},"end":{"line":75,"column":70}},"line":75}},"f":{"0":58,"1":10,"2":10,"3":4,"4":2,"5":2}}
,"/Users/gio.justinianoplata/Desktop/thoughtflix/src/components/HeroSection/index.ts": {"path":"/Users/gio.justinianoplata/Desktop/thoughtflix/src/components/HeroSection/index.ts","all":false,"statementMap":{"0":{"start":{"line":1,"column":0},"end":{"line":1,"column":44}}},"s":{"0":1},"branchMap":{},"b":{},"fnMap":{},"f":{}}
,"/Users/gio.justinianoplata/Desktop/thoughtflix/src/components/LanguageFilter/LanguageFilter.tsx": {"path":"/Users/gio.justinianoplata/Desktop/thoughtflix/src/components/LanguageFilter/LanguageFilter.tsx","all":false,"statementMap":{"0":{"start":{"line":1,"column":0},"end":{"line":1,"column":26}},"1":{"start":{"line":2,"column":0},"end":{"line":2,"column":67}},"2":{"start":{"line":3,"column":0},"end":{"line":3,"column":30}},"4":{"start":{"line":5,"column":0},"end":{"line":5,"column":63}},"5":{"start":{"line":6,"column":0},"end":{"line":6,"column":12}},"6":{"start":{"line":7,"column":0},"end":{"line":7,"column":20}},"7":{"start":{"line":8,"column":0},"end":{"line":8,"column":19}},"8":{"start":{"line":9,"column":0},"end":{"line":9,"column":14}},"9":{"start":{"line":10,"column":0},"end":{"line":10,"column":13}},"10":{"start":{"line":11,"column":0},"end":{"line":11,"column":7}},"11":{"start":{"line":12,"column":0},"end":{"line":12,"column":57}},"12":{"start":{"line":13,"column":0},"end":{"line":13,"column":37}},"13":{"start":{"line":14,"column":0},"end":{"line":14,"column":4}},"15":{"start":{"line":16,"column":0},"end":{"line":16,"column":33}},"16":{"start":{"line":17,"column":0},"end":{"line":17,"column":20}},"17":{"start":{"line":18,"column":0},"end":{"line":18,"column":4}},"19":{"start":{"line":20,"column":0},"end":{"line":20,"column":32}},"20":{"start":{"line":21,"column":0},"end":{"line":21,"column":19}},"21":{"start":{"line":22,"column":0},"end":{"line":22,"column":4}},"23":{"start":{"line":24,"column":0},"end":{"line":24,"column":56}},"24":{"start":{"line":25,"column":0},"end":{"line":25,"column":52}},"25":{"start":{"line":26,"column":0},"end":{"line":26,"column":4}},"27":{"start":{"line":28,"column":0},"end":{"line":28,"column":10}},"28":{"start":{"line":29,"column":0},"end":{"line":29,"column":37}},"29":{"start":{"line":30,"column":0},"end":{"line":30,"column":47}},"30":{"start":{"line":31,"column":0},"end":{"line":31,"column":61}},"31":{"start":{"line":32,"column":0},"end":{"line":32,"column":50}},"32":{"start":{"line":33,"column":0},"end":{"line":33,"column":17}},"33":{"start":{"line":34,"column":0},"end":{"line":34,"column":25}},"34":{"start":{"line":35,"column":0},"end":{"line":35,"column":47}},"35":{"start":{"line":36,"column":0},"end":{"line":36,"column":37}},"36":{"start":{"line":37,"column":0},"end":{"line":37,"column":45}},"37":{"start":{"line":38,"column":0},"end":{"line":38,"column":11}},"39":{"start":{"line":40,"column":0},"end":{"line":40,"column":19}},"40":{"start":{"line":41,"column":0},"end":{"line":41,"column":17}},"41":{"start":{"line":42,"column":0},"end":{"line":42,"column":25}},"42":{"start":{"line":43,"column":0},"end":{"line":43,"column":47}},"43":{"start":{"line":44,"column":0},"end":{"line":44,"column":36}},"44":{"start":{"line":45,"column":0},"end":{"line":45,"column":54}},"45":{"start":{"line":46,"column":0},"end":{"line":46,"column":11}},"47":{"start":{"line":48,"column":0},"end":{"line":48,"column":19}},"48":{"start":{"line":49,"column":0},"end":{"line":49,"column":14}},"49":{"start":{"line":50,"column":0},"end":{"line":50,"column":12}},"51":{"start":{"line":52,"column":0},"end":{"line":52,"column":33}},"52":{"start":{"line":53,"column":0},"end":{"line":53,"column":48}},"53":{"start":{"line":54,"column":0},"end":{"line":54,"column":39}},"54":{"start":{"line":55,"column":0},"end":{"line":55,"column":14}},"56":{"start":{"line":57,"column":0},"end":{"line":57,"column":88}},"57":{"start":{"line":58,"column":0},"end":{"line":58,"column":40}},"58":{"start":{"line":59,"column":0},"end":{"line":59,"column":65}},"60":{"start":{"line":61,"column":0},"end":{"line":61,"column":20}},"61":{"start":{"line":62,"column":0},"end":{"line":62,"column":72}},"62":{"start":{"line":63,"column":0},"end":{"line":63,"column":23}},"63":{"start":{"line":64,"column":0},"end":{"line":64,"column":31}},"64":{"start":{"line":65,"column":0},"end":{"line":65,"column":113}},"65":{"start":{"line":66,"column":0},"end":{"line":66,"column":68}},"66":{"start":{"line":67,"column":0},"end":{"line":67,"column":37}},"67":{"start":{"line":68,"column":0},"end":{"line":68,"column":61}},"68":{"start":{"line":69,"column":0},"end":{"line":69,"column":41}},"69":{"start":{"line":70,"column":0},"end":{"line":70,"column":57}},"70":{"start":{"line":71,"column":0},"end":{"line":71,"column":21}},"71":{"start":{"line":72,"column":0},"end":{"line":72,"column":20}},"72":{"start":{"line":73,"column":0},"end":{"line":73,"column":65}},"73":{"start":{"line":74,"column":0},"end":{"line":74,"column":43}},"75":{"start":{"line":76,"column":0},"end":{"line":76,"column":85}},"76":{"start":{"line":77,"column":0},"end":{"line":77,"column":34}},"77":{"start":{"line":78,"column":0},"end":{"line":78,"column":85}},"79":{"start":{"line":80,"column":0},"end":{"line":80,"column":27}},"81":{"start":{"line":82,"column":0},"end":{"line":82,"column":25}},"82":{"start":{"line":83,"column":0},"end":{"line":83,"column":19}},"84":{"start":{"line":85,"column":0},"end":{"line":85,"column":13}},"85":{"start":{"line":86,"column":0},"end":{"line":86,"column":13}},"87":{"start":{"line":88,"column":0},"end":{"line":88,"column":10}},"89":{"start":{"line":90,"column":0},"end":{"line":90,"column":2}}},"s":{"0":1,"1":1,"2":1,"4":1,"5":40,"6":40,"7":40,"8":40,"9":40,"10":40,"11":40,"12":5,"13":5,"15":40,"16":2,"17":2,"19":40,"20":2,"21":2,"23":40,"24":110,"25":110,"27":40,"28":40,"29":40,"30":40,"31":40,"32":40,"33":40,"34":40,"35":40,"36":40,"37":40,"39":40,"40":40,"41":40,"42":40,"43":40,"44":40,"45":40,"47":40,"48":40,"49":40,"51":40,"52":11,"53":11,"54":11,"56":29,"57":29,"58":110,"60":110,"61":110,"62":110,"63":110,"64":110,"65":110,"66":110,"67":1,"68":1,"69":1,"70":1,"71":1,"72":110,"73":110,"75":110,"76":110,"77":9,"79":9,"81":110,"82":110,"84":29,"85":29,"87":40,"89":40},"branchMap":{"0":{"type":"branch","line":5,"loc":{"start":{"line":5,"column":61},"end":{"line":90,"column":2}},"locations":[{"start":{"line":5,"column":61},"end":{"line":90,"column":2}}]},"1":{"type":"branch","line":52,"loc":{"start":{"line":52,"column":28},"end":{"line":55,"column":14}},"locations":[{"start":{"line":52,"column":28},"end":{"line":55,"column":14}}]},"2":{"type":"branch","line":55,"loc":{"start":{"line":55,"column":8},"end":{"line":86,"column":13}},"locations":[{"start":{"line":55,"column":8},"end":{"line":86,"column":13}}]},"3":{"type":"branch","line":12,"loc":{"start":{"line":12,"column":30},"end":{"line":14,"column":4}},"locations":[{"start":{"line":12,"column":30},"end":{"line":14,"column":4}}]},"4":{"type":"branch","line":16,"loc":{"start":{"line":16,"column":26},"end":{"line":18,"column":4}},"locations":[{"start":{"line":16,"column":26},"end":{"line":18,"column":4}}]},"5":{"type":"branch","line":20,"loc":{"start":{"line":20,"column":25},"end":{"line":22,"column":4}},"locations":[{"start":{"line":20,"column":25},"end":{"line":22,"column":4}}]},"6":{"type":"branch","line":24,"loc":{"start":{"line":24,"column":29},"end":{"line":26,"column":4}},"locations":[{"start":{"line":24,"column":29},"end":{"line":26,"column":4}}]},"7":{"type":"branch","line":58,"loc":{"start":{"line":58,"column":25},"end":{"line":85,"column":11}},"locations":[{"start":{"line":58,"column":25},"end":{"line":85,"column":11}}]},"8":{"type":"branch","line":65,"loc":{"start":{"line":65,"column":61},"end":{"line":65,"column":108}},"locations":[{"start":{"line":65,"column":61},"end":{"line":65,"column":108}}]},"9":{"type":"branch","line":65,"loc":{"start":{"line":65,"column":74},"end":{"line":65,"column":110}},"locations":[{"start":{"line":65,"column":74},"end":{"line":65,"column":110}}]},"10":{"type":"branch","line":77,"loc":{"start":{"line":77,"column":19},"end":{"line":80,"column":27}},"locations":[{"start":{"line":77,"column":19},"end":{"line":80,"column":27}}]},"11":{"type":"branch","line":66,"loc":{"start":{"line":66,"column":27},"end":{"line":66,"column":68}},"locations":[{"start":{"line":66,"column":27},"end":{"line":66,"column":68}}]},"12":{"type":"branch","line":67,"loc":{"start":{"line":67,"column":29},"end":{"line":72,"column":20}},"locations":[{"start":{"line":67,"column":29},"end":{"line":72,"column":20}}]},"13":{"type":"branch","line":68,"loc":{"start":{"line":68,"column":34},"end":{"line":68,"column":60}},"locations":[{"start":{"line":68,"column":34},"end":{"line":68,"column":60}}]}},"b":{"0":[40],"1":[11],"2":[29],"3":[5],"4":[2],"5":[2],"6":[110],"7":[110],"8":[9],"9":[101],"10":[9],"11":[4],"12":[1],"13":[0]},"fnMap":{"0":{"name":"LanguageFilter","decl":{"start":{"line":5,"column":61},"end":{"line":90,"column":2}},"loc":{"start":{"line":5,"column":61},"end":{"line":90,"column":2}},"line":5},"1":{"name":"handleLanguageClick","decl":{"start":{"line":12,"column":30},"end":{"line":14,"column":4}},"loc":{"start":{"line":12,"column":30},"end":{"line":14,"column":4}},"line":12},"2":{"name":"handleSelectAll","decl":{"start":{"line":16,"column":26},"end":{"line":18,"column":4}},"loc":{"start":{"line":16,"column":26},"end":{"line":18,"column":4}},"line":16},"3":{"name":"handleClearAll","decl":{"start":{"line":20,"column":25},"end":{"line":22,"column":4}},"loc":{"start":{"line":20,"column":25},"end":{"line":22,"column":4}},"line":20},"4":{"name":"isLanguageSelected","decl":{"start":{"line":24,"column":29},"end":{"line":26,"column":4}},"loc":{"start":{"line":24,"column":29},"end":{"line":26,"column":4}},"line":24},"5":{"name":"onClick","decl":{"start":{"line":66,"column":27},"end":{"line":66,"column":68}},"loc":{"start":{"line":66,"column":27},"end":{"line":66,"column":68}},"line":66},"6":{"name":"onKeyDown","decl":{"start":{"line":67,"column":29},"end":{"line":72,"column":20}},"loc":{"start":{"line":67,"column":29},"end":{"line":72,"column":20}},"line":67}},"f":{"0":40,"1":5,"2":2,"3":2,"4":110,"5":4,"6":1}}
,"/Users/gio.justinianoplata/Desktop/thoughtflix/src/components/LanguageFilter/index.ts": {"path":"/Users/gio.justinianoplata/Desktop/thoughtflix/src/components/LanguageFilter/index.ts","all":false,"statementMap":{"0":{"start":{"line":1,"column":0},"end":{"line":1,"column":50}}},"s":{"0":1},"branchMap":{},"b":{},"fnMap":{},"f":{}}
,"/Users/gio.justinianoplata/Desktop/thoughtflix/src/components/MovieCard/MovieCard.tsx": {"path":"/Users/gio.justinianoplata/Desktop/thoughtflix/src/components/MovieCard/MovieCard.tsx","all":false,"statementMap":{"0":{"start":{"line":1,"column":0},"end":{"line":1,"column":52}},"1":{"start":{"line":2,"column":0},"end":{"line":2,"column":53}},"2":{"start":{"line":3,"column":0},"end":{"line":3,"column":25}},"22":{"start":{"line":23,"column":0},"end":{"line":23,"column":45}},"24":{"start":{"line":25,"column":0},"end":{"line":25,"column":35}},"25":{"start":{"line":26,"column":0},"end":{"line":26,"column":96}},"26":{"start":{"line":27,"column":0},"end":{"line":27,"column":38}},"27":{"start":{"line":28,"column":0},"end":{"line":28,"column":5}},"28":{"start":{"line":29,"column":0},"end":{"line":29,"column":29}},"29":{"start":{"line":30,"column":0},"end":{"line":30,"column":26}},"31":{"start":{"line":32,"column":0},"end":{"line":32,"column":37}},"32":{"start":{"line":33,"column":0},"end":{"line":33,"column":9}},"33":{"start":{"line":34,"column":0},"end":{"line":34,"column":56}},"34":{"start":{"line":35,"column":0},"end":{"line":35,"column":13}},"35":{"start":{"line":36,"column":0},"end":{"line":36,"column":19}},"36":{"start":{"line":37,"column":0},"end":{"line":37,"column":5}},"37":{"start":{"line":38,"column":0},"end":{"line":38,"column":27}},"39":{"start":{"line":40,"column":0},"end":{"line":40,"column":43}},"40":{"start":{"line":41,"column":0},"end":{"line":41,"column":26}},"41":{"start":{"line":42,"column":0},"end":{"line":42,"column":42}},"42":{"start":{"line":43,"column":0},"end":{"line":43,"column":39}},"43":{"start":{"line":44,"column":0},"end":{"line":44,"column":49}},"44":{"start":{"line":45,"column":0},"end":{"line":45,"column":17}},"45":{"start":{"line":46,"column":0},"end":{"line":46,"column":23}},"47":{"start":{"line":48,"column":0},"end":{"line":48,"column":31}},"48":{"start":{"line":49,"column":0},"end":{"line":49,"column":41}},"49":{"start":{"line":50,"column":0},"end":{"line":50,"column":24}},"50":{"start":{"line":51,"column":0},"end":{"line":51,"column":4}},"52":{"start":{"line":53,"column":0},"end":{"line":53,"column":10}},"53":{"start":{"line":54,"column":0},"end":{"line":54,"column":14}},"54":{"start":{"line":55,"column":0},"end":{"line":55,"column":16}},"55":{"start":{"line":56,"column":0},"end":{"line":56,"column":22}},"56":{"start":{"line":57,"column":0},"end":{"line":57,"column":11}},"57":{"start":{"line":58,"column":0},"end":{"line":58,"column":4}},"58":{"start":{"line":59,"column":0},"end":{"line":59,"column":2}},"67":{"start":{"line":68,"column":0},"end":{"line":68,"column":62}},"68":{"start":{"line":69,"column":0},"end":{"line":69,"column":7}},"69":{"start":{"line":70,"column":0},"end":{"line":70,"column":7}},"70":{"start":{"line":71,"column":0},"end":{"line":71,"column":19}},"71":{"start":{"line":72,"column":0},"end":{"line":72,"column":7}},"72":{"start":{"line":73,"column":0},"end":{"line":73,"column":54}},"73":{"start":{"line":74,"column":0},"end":{"line":74,"column":60}},"75":{"start":{"line":76,"column":0},"end":{"line":76,"column":41}},"76":{"start":{"line":77,"column":0},"end":{"line":77,"column":22}},"77":{"start":{"line":78,"column":0},"end":{"line":78,"column":26}},"78":{"start":{"line":79,"column":0},"end":{"line":79,"column":44}},"79":{"start":{"line":80,"column":0},"end":{"line":80,"column":5}},"80":{"start":{"line":81,"column":0},"end":{"line":81,"column":19}},"82":{"start":{"line":83,"column":0},"end":{"line":83,"column":25}},"83":{"start":{"line":84,"column":0},"end":{"line":84,"column":21}},"84":{"start":{"line":85,"column":0},"end":{"line":85,"column":25}},"85":{"start":{"line":86,"column":0},"end":{"line":86,"column":12}},"87":{"start":{"line":88,"column":0},"end":{"line":88,"column":10}},"88":{"start":{"line":89,"column":0},"end":{"line":89,"column":8}},"89":{"start":{"line":90,"column":0},"end":{"line":90,"column":20}},"90":{"start":{"line":91,"column":0},"end":{"line":91,"column":15}},"91":{"start":{"line":92,"column":0},"end":{"line":92,"column":23}},"92":{"start":{"line":93,"column":0},"end":{"line":93,"column":27}},"93":{"start":{"line":94,"column":0},"end":{"line":94,"column":36}},"94":{"start":{"line":95,"column":0},"end":{"line":95,"column":6}},"96":{"start":{"line":97,"column":0},"end":{"line":97,"column":3}},"98":{"start":{"line":99,"column":0},"end":{"line":99,"column":40}},"108":{"start":{"line":109,"column":0},"end":{"line":109,"column":58}},"109":{"start":{"line":110,"column":0},"end":{"line":110,"column":9}},"110":{"start":{"line":111,"column":0},"end":{"line":111,"column":15}},"111":{"start":{"line":112,"column":0},"end":{"line":112,"column":10}},"112":{"start":{"line":113,"column":0},"end":{"line":113,"column":11}},"113":{"start":{"line":114,"column":0},"end":{"line":114,"column":7}},"114":{"start":{"line":115,"column":0},"end":{"line":115,"column":10}},"115":{"start":{"line":116,"column":0},"end":{"line":116,"column":38}},"116":{"start":{"line":117,"column":0},"end":{"line":117,"column":52}},"117":{"start":{"line":118,"column":0},"end":{"line":118,"column":55}},"118":{"start":{"line":119,"column":0},"end":{"line":119,"column":40}},"119":{"start":{"line":120,"column":0},"end":{"line":120,"column":18}},"120":{"start":{"line":121,"column":0},"end":{"line":121,"column":10}},"121":{"start":{"line":122,"column":0},"end":{"line":122,"column":42}},"122":{"start":{"line":123,"column":0},"end":{"line":123,"column":18}},"123":{"start":{"line":124,"column":0},"end":{"line":124,"column":10}},"124":{"start":{"line":125,"column":0},"end":{"line":125,"column":10}},"126":{"start":{"line":127,"column":0},"end":{"line":127,"column":3}},"128":{"start":{"line":129,"column":0},"end":{"line":129,"column":36}},"131":{"start":{"line":132,"column":0},"end":{"line":132,"column":51}},"132":{"start":{"line":133,"column":0},"end":{"line":133,"column":47}},"133":{"start":{"line":134,"column":0},"end":{"line":134,"column":47}},"134":{"start":{"line":135,"column":0},"end":{"line":135,"column":8}},"135":{"start":{"line":136,"column":0},"end":{"line":136,"column":3}},"137":{"start":{"line":138,"column":0},"end":{"line":138,"column":46}},"140":{"start":{"line":141,"column":0},"end":{"line":141,"column":64}},"141":{"start":{"line":142,"column":0},"end":{"line":142,"column":8}},"142":{"start":{"line":143,"column":0},"end":{"line":143,"column":10}},"143":{"start":{"line":144,"column":0},"end":{"line":144,"column":19}},"144":{"start":{"line":145,"column":0},"end":{"line":145,"column":18}},"145":{"start":{"line":146,"column":0},"end":{"line":146,"column":17}},"146":{"start":{"line":147,"column":0},"end":{"line":147,"column":18}},"147":{"start":{"line":148,"column":0},"end":{"line":148,"column":19}},"148":{"start":{"line":149,"column":0},"end":{"line":149,"column":7}},"150":{"start":{"line":151,"column":0},"end":{"line":151,"column":89}},"153":{"start":{"line":154,"column":0},"end":{"line":154,"column":41}},"154":{"start":{"line":155,"column":0},"end":{"line":155,"column":43}},"155":{"start":{"line":156,"column":0},"end":{"line":156,"column":21}},"156":{"start":{"line":157,"column":0},"end":{"line":157,"column":5}},"157":{"start":{"line":158,"column":0},"end":{"line":158,"column":42}},"159":{"start":{"line":160,"column":0},"end":{"line":160,"column":69}},"160":{"start":{"line":161,"column":0},"end":{"line":161,"column":53}},"161":{"start":{"line":162,"column":0},"end":{"line":162,"column":29}},"162":{"start":{"line":163,"column":0},"end":{"line":163,"column":20}},"163":{"start":{"line":164,"column":0},"end":{"line":164,"column":5}},"164":{"start":{"line":165,"column":0},"end":{"line":165,"column":20}},"167":{"start":{"line":168,"column":0},"end":{"line":168,"column":37}},"168":{"start":{"line":169,"column":0},"end":{"line":169,"column":17}},"169":{"start":{"line":170,"column":0},"end":{"line":170,"column":26}},"170":{"start":{"line":171,"column":0},"end":{"line":171,"column":43}},"171":{"start":{"line":172,"column":0},"end":{"line":172,"column":41}},"172":{"start":{"line":173,"column":0},"end":{"line":173,"column":45}},"173":{"start":{"line":174,"column":0},"end":{"line":174,"column":14}},"174":{"start":{"line":175,"column":0},"end":{"line":175,"column":80}},"176":{"start":{"line":177,"column":0},"end":{"line":177,"column":34}},"177":{"start":{"line":178,"column":0},"end":{"line":178,"column":38}},"178":{"start":{"line":179,"column":0},"end":{"line":179,"column":17}},"179":{"start":{"line":180,"column":0},"end":{"line":180,"column":4}},"181":{"start":{"line":182,"column":0},"end":{"line":182,"column":33}},"182":{"start":{"line":183,"column":0},"end":{"line":183,"column":22}},"183":{"start":{"line":184,"column":0},"end":{"line":184,"column":14}},"184":{"start":{"line":185,"column":0},"end":{"line":185,"column":4}},"186":{"start":{"line":187,"column":0},"end":{"line":187,"column":10}},"187":{"start":{"line":188,"column":0},"end":{"line":188,"column":8}},"188":{"start":{"line":189,"
[...]
0,"188":0,"189":0,"190":0,"191":0,"192":0,"193":0,"194":0,"195":0,"197":0,"198":0,"199":0,"200":0,"201":0,"202":0,"203":0,"204":0,"205":0,"206":0,"207":0,"208":0,"210":0,"211":0,"212":0,"213":0,"214":0,"215":0,"223":1,"225":22,"228":22,"229":22},"branchMap":{"0":{"type":"branch","line":6,"loc":{"start":{"line":6,"column":28},"end":{"line":35,"column":2}},"locations":[{"start":{"line":6,"column":28},"end":{"line":35,"column":2}}]},"1":{"type":"branch","line":9,"loc":{"start":{"line":9,"column":23},"end":{"line":34,"column":3}},"locations":[{"start":{"line":9,"column":23},"end":{"line":34,"column":3}}]},"2":{"type":"branch","line":11,"loc":{"start":{"line":11,"column":43},"end":{"line":16,"column":5}},"locations":[{"start":{"line":11,"column":43},"end":{"line":16,"column":5}}]},"3":{"type":"branch","line":15,"loc":{"start":{"line":15,"column":29},"end":{"line":15,"column":42}},"locations":[{"start":{"line":15,"column":29},"end":{"line":15,"column":42}}]},"4":{"type":"branch","line":16,"loc":{"start":{"line":16,"column":4},"end":{"line":23,"column":5}},"locations":[{"start":{"line":16,"column":4},"end":{"line":23,"column":5}}]},"5":{"type":"branch","line":16,"loc":{"start":{"line":16,"column":4},"end":{"line":19,"column":46}},"locations":[{"start":{"line":16,"column":4},"end":{"line":19,"column":46}}]},"6":{"type":"branch","line":19,"loc":{"start":{"line":19,"column":46},"end":{"line":23,"column":5}},"locations":[{"start":{"line":19,"column":46},"end":{"line":23,"column":5}}]},"7":{"type":"branch","line":20,"loc":{"start":{"line":20,"column":72},"end":{"line":22,"column":7}},"locations":[{"start":{"line":20,"column":72},"end":{"line":22,"column":7}}]},"8":{"type":"branch","line":23,"loc":{"start":{"line":23,"column":4},"end":{"line":33,"column":16}},"locations":[{"start":{"line":23,"column":4},"end":{"line":33,"column":16}}]},"9":{"type":"branch","line":23,"loc":{"start":{"line":23,"column":4},"end":{"line":26,"column":49}},"locations":[{"start":{"line":23,"column":4},"end":{"line":26,"column":49}}]},"10":{"type":"branch","line":26,"loc":{"start":{"line":26,"column":49},"end":{"line":31,"column":5}},"locations":[{"start":{"line":26,"column":49},"end":{"line":31,"column":5}}]},"11":{"type":"branch","line":28,"loc":{"start":{"line":28,"column":61},"end":{"line":30,"column":7}},"locations":[{"start":{"line":28,"column":61},"end":{"line":30,"column":7}}]},"12":{"type":"branch","line":31,"loc":{"start":{"line":31,"column":4},"end":{"line":33,"column":16}},"locations":[{"start":{"line":31,"column":4},"end":{"line":33,"column":16}}]},"13":{"type":"branch","line":12,"loc":{"start":{"line":12,"column":59},"end":{"line":13,"column":41}},"locations":[{"start":{"line":12,"column":59},"end":{"line":13,"column":41}}]},"14":{"type":"branch","line":40,"loc":{"start":{"line":40,"column":26},"end":{"line":63,"column":2}},"locations":[{"start":{"line":40,"column":26},"end":{"line":63,"column":2}}]},"15":{"type":"branch","line":41,"loc":{"start":{"line":41,"column":26},"end":{"line":62,"column":3}},"locations":[{"start":{"line":41,"column":26},"end":{"line":62,"column":3}}]},"16":{"type":"branch","line":45,"loc":{"start":{"line":45,"column":6},"end":{"line":47,"column":14}},"locations":[{"start":{"line":45,"column":6},"end":{"line":47,"column":14}}]},"17":{"type":"branch","line":48,"loc":{"start":{"line":48,"column":6},"end":{"line":50,"column":14}},"locations":[{"start":{"line":48,"column":6},"end":{"line":50,"column":14}}]},"18":{"type":"branch","line":51,"loc":{"start":{"line":51,"column":6},"end":{"line":53,"column":14}},"locations":[{"start":{"line":51,"column":6},"end":{"line":53,"column":14}}]},"19":{"type":"branch","line":54,"loc":{"start":{"line":54,"column":6},"end":{"line":56,"column":14}},"locations":[{"start":{"line":54,"column":6},"end":{"line":56,"column":14}}]},"20":{"type":"branch","line":57,"loc":{"start":{"line":57,"column":6},"end":{"line":58,"column":23}},"locations":[{"start":{"line":57,"column":6},"end":{"line":58,"column":23}}]},"21":{"type":"branch","line":61,"loc":{"start":{"line":61,"column":33},"end":{"line":61,"column":54}},"locations":[{"start":{"line":61,"column":33},"end":{"line":61,"column":54}}]},"22":{"type":"branch","line":61,"loc":{"start":{"line":61,"column":41},"end":{"line":61,"column":66}},"locations":[{"start":{"line":61,"column":41},"end":{"line":61,"column":66}}]},"23":{"type":"branch","line":68,"loc":{"start":{"line":68,"column":34},"end":{"line":78,"column":2}},"locations":[{"start":{"line":68,"column":34},"end":{"line":78,"column":2}}]},"24":{"type":"branch","line":71,"loc":{"start":{"line":71,"column":17},"end":{"line":75,"column":3}},"locations":[{"start":{"line":71,"column":17},"end":{"line":75,"column":3}}]},"25":{"type":"branch","line":72,"loc":{"start":{"line":72,"column":28},"end":{"line":74,"column":5}},"locations":[{"start":{"line":72,"column":28},"end":{"line":74,"column":5}}]},"26":{"type":"branch","line":77,"loc":{"start":{"line":77,"column":26},"end":{"line":77,"column":63}},"locations":[{"start":{"line":77,"column":26},"end":{"line":77,"column":63}}]},"27":{"type":"branch","line":83,"loc":{"start":{"line":83,"column":37},"end":{"line":91,"column":2}},"locations":[{"start":{"line":83,"column":37},"end":{"line":91,"column":2}}]},"28":{"type":"branch","line":86,"loc":{"start":{"line":86,"column":17},"end":{"line":88,"column":3}},"locations":[{"start":{"line":86,"column":17},"end":{"line":88,"column":3}}]},"29":{"type":"branch","line":90,"loc":{"start":{"line":90,"column":29},"end":{"line":90,"column":79}},"locations":[{"start":{"line":90,"column":29},"end":{"line":90,"column":79}}]},"30":{"type":"branch","line":96,"loc":{"start":{"line":96,"column":33},"end":{"line":107,"column":2}},"locations":[{"start":{"line":96,"column":33},"end":{"line":107,"column":2}}]},"31":{"type":"branch","line":99,"loc":{"start":{"line":99,"column":17},"end":{"line":104,"column":3}},"locations":[{"start":{"line":99,"column":17},"end":{"line":104,"column":3}}]},"32":{"type":"branch","line":106,"loc":{"start":{"line":106,"column":32},"end":{"line":106,"column":47}},"locations":[{"start":{"line":106,"column":32},"end":{"line":106,"column":47}}]},"33":{"type":"branch","line":112,"loc":{"start":{"line":112,"column":37},"end":{"line":118,"column":2}},"locations":[{"start":{"line":112,"column":37},"end":{"line":118,"column":2}}]},"34":{"type":"branch","line":123,"loc":{"start":{"line":123,"column":32},"end":{"line":129,"column":2}},"locations":[{"start":{"line":123,"column":32},"end":{"line":129,"column":2}}]},"35":{"type":"branch","line":125,"loc":{"start":{"line":125,"column":36},"end":{"line":126,"column":43}},"locations":[{"start":{"line":125,"column":36},"end":{"line":126,"column":43}}]},"36":{"type":"branch","line":126,"loc":{"start":{"line":126,"column":39},"end":{"line":127,"column":43}},"locations":[{"start":{"line":126,"column":39},"end":{"line":127,"column":43}}]},"37":{"type":"branch","line":134,"loc":{"start":{"line":134,"column":32},"end":{"line":165,"column":2}},"locations":[{"start":{"line":134,"column":32},"end":{"line":165,"column":2}}]},"38":{"type":"branch","line":141,"loc":{"start":{"line":141,"column":41},"end":{"line":147,"column":3}},"locations":[{"start":{"line":141,"column":41},"end":{"line":147,"column":3}}]},"39":{"type":"branch","line":149,"loc":{"start":{"line":149,"column":44},"end":{"line":155,"column":3}},"locations":[{"start":{"line":149,"column":44},"end":{"line":155,"column":3}}]},"40":{"type":"branch","line":157,"loc":{"start":{"line":157,"column":47},"end":{"line":162,"column":3}},"locations":[{"start":{"line":157,"column":47},"end":{"line":162,"column":3}}]},"41":{"type":"branch","line":164,"loc":{"start":{"line":164,"column":24},"end":{"line":164,"column":48}},"locations":[{"start":{"line":164,"column":24},"end":{"line":164,"column":48}}]},"42":{"type":"branch","line":164,"loc":{"start":{"line":164,"column":44},"end":{"line":164,"column":61}},"locations":[{"start":{"line":164,"column":44},"end":{"line":164,"column":61}}]},"43":{"type":"branch","line":143,"loc":{"start":{"line":143,"column":11},"end":{"line":143,"column":65}},"locations":[{"start":{"line":143,"column":11},"end":{"line":143,"column":65}}]},"44":{"type":"branch","line":143,"loc":{"start":{"line":143,"column":40},"end":{"line":143,"column":58}},"locations":[{"start":{"line":143,"column":40},"end":{"line":143,"column":58}}]},"45":{"type":"branch","line":151,"loc":{"start":{"line":151,"column":11},"end":{"line":151,"column":74}},"locations":[{"start":{"line":151,"column":11},"end":{"line":151,"column":74}}]},"46":{"type":"branch","line":151,"loc":{"start":{"line":151,"column":45},"end":{"line":151,"column":67}},"locations":[{"start":{"line":151,"column":45},"end":{"line":151,"column":67}}]},"47":{"type":"branch","line":171,"loc":{"start":{"line":171,"column":30},"end":{"line":174,"column":2}},"locations":[{"start":{"line":171,"column":30},"end":{"line":174,"column":2}}]},"48":{"type":"branch","line":224,"loc":{"start":{"line":224,"column":28},"end":{"line":230,"column":2}},"locations":[{"start":{"line":224,"column":28},"end":{"line":230,"column":2}}]}},"b":{"0":[30],"1":[39],"2":[18],"3":[12],"4":[35],"5":[27],"6":[7],"7":[4],"8":[34],"9":[23],"10":[5],"11":[2],"12":[21],"13":[18],"14":[27],"15":[14],"16":[6],"17":[2],"18":[4],"19":[2],"20":[0],"21":[4],"22":[10],"23":[2],"24":[3],"25":[6],"26":[8],"27":[2],"28":[3],"29":[6],"30":[2],"31":[3],"32":[2],"33":[2],"34":[2],"35":[1],"36":[1],"37":[2],"38":[1],"39":[1],"40":[1],"41":[1],"42":[1],"43":[2],"44":[3],"45":[1],"46":[1],"47":[113],"48":[22]},"fnMap":{"0":{"name":"filterMovies","decl":{"start":{"line":6,"column":28},"end":{"line":35,"column":2}},"loc":{"start":{"line":6,"column":28},"end":{"line":35,"column":2}},"line":6},"1":{"name":"sortMovies","decl":{"start":{"line":40,"column":26},"end":{"line":63,"column":2}},"loc":{"start":{"line":40,"column":26},"end":{"line":63,"column":2}},"line":40},"2":{"name":"getAvailableGenres","decl":{"start":{"line":68,"column":34},"end":{"line":78,"column":2}},"loc":{"start":{"line":68,"column":34},"end":{"line":78,"column":2}},"line":68},"3":{"name":"getAvailableLanguages","decl":{"start":{"line":83,"column":37},"end":{"line":91,"column":2}},"loc":{"start":{"line":83,"column":37},"end":{"line":91,"column":2}},"line":83},"4":{"name":"getAvailableYears","decl":{"start":{"line":96,"column":33},"end":{"line":107,"column":2}},"loc":{"start":{"line":96,"column":33},"end":{"line":107,"column":2}},"line":96},"5":{"name":"getFilteredMovieCount","decl":{"start":{"line":112,"column":37},"end":{"line":118,"column":2}},"loc":{"start":{"line":112,"column":37},"end":{"line":118,"column":2}},"line":112},"6":{"name":"hasActiveFilters","decl":{"start":{"line":123,"column":32},"end":{"line":129,"column":2}},"loc":{"start":{"line":123,"column":32},"end":{"line":129,"column":2}},"line":123},"7":{"name":"getFilterSummary","decl":{"start":{"line":134,"column":32},"end":{"line":165,"column":2}},"loc":{"start":{"line":134,"column":32},"end":{"line":165,"column":2}},"line":134},"8":{"name":"getFilterCount","decl":{"start":{"line":171,"column":30},"end":{"line":174,"column":2}},"loc":{"start":{"line":171,"column":30},"end":{"line":174,"column":2}},"line":171},"9":{"name":"getDefaultFilterOptions","decl":{"start":{"line":179,"column":39},"end":{"line":216,"column":2}},"loc":{"start":{"line":179,"column":39},"end":{"line":216,"column":2}},"line":179},"10":{"name":"applyFilters","decl":{"start":{"line":224,"column":28},"end":{"line":230,"column":2}},"loc":{"start":{"line":224,"column":28},"end":{"line":230,"column":2}},"line":224}},"f":{"0":30,"1":27,"2":2,"3":2,"4":2,"5":2,"6":2,"7":2,"8":113,"9":0,"10":22}}
,"/Users/gio.justinianoplata/Desktop/thoughtflix/src/utils/filterUtils/index.ts": {"path":"/Users/gio.justinianoplata/Desktop/thoughtflix/src/utils/filterUtils/index.ts","all":false,"statementMap":{"0":{"start":{"line":1,"column":0},"end":{"line":1,"column":8}}},"s":{"0":1},"branchMap":{},"b":{},"fnMap":{},"f":{}}
,"/Users/gio.justinianoplata/Desktop/thoughtflix/src/utils/queryUtils/index.ts": {"path":"/Users/gio.justinianoplata/Desktop/thoughtflix/src/utils/queryUtils/index.ts","all":false,"statementMap":{"0":{"start":{"line":1,"column":0},"end":{"line":1,"column":29}}},"s":{"0":1},"branchMap":{},"b":{},"fnMap":{},"f":{}}
,"/Users/gio.justinianoplata/Desktop/thoughtflix/src/utils/queryUtils/queryUtils.ts": {"path":"/Users/gio.justinianoplata/Desktop/thoughtflix/src/utils/queryUtils/queryUtils.ts","all":false,"statementMap":{"0":{"start":{"line":1,"column":0},"end":{"line":1,"column":57}},"1":{"start":{"line":2,"column":0},"end":{"line":2,"column":55}},"2":{"start":{"line":3,"column":0},"end":{"line":3,"column":58}},"7":{"start":{"line":8,"column":0},"end":{"line":8,"column":29}},"8":{"start":{"line":9,"column":0},"end":{"line":9,"column":15}},"9":{"start":{"line":10,"column":0},"end":{"line":10,"column":41}},"10":{"start":{"line":11,"column":0},"end":{"line":11,"column":39}},"11":{"start":{"line":12,"column":0},"end":{"line":12,"column":48}},"12":{"start":{"line":13,"column":0},"end":{"line":13,"column":39}},"13":{"start":{"line":14,"column":0},"end":{"line":14,"column":4}},"14":{"start":{"line":15,"column":0},"end":{"line":15,"column":12}},"15":{"start":{"line":16,"column":0},"end":{"line":16,"column":43}},"16":{"start":{"line":17,"column":0},"end":{"line":17,"column":39}},"17":{"start":{"line":18,"column":0},"end":{"line":18,"column":48}},"18":{"start":{"line":19,"column":0},"end":{"line":19,"column":41}},"19":{"start":{"line":20,"column":0},"end":{"line":20,"column":4}},"20":{"start":{"line":21,"column":0},"end":{"line":21,"column":24}},"21":{"start":{"line":22,"column":0},"end":{"line":22,"column":25}},"22":{"start":{"line":23,"column":0},"end":{"line":23,"column":11}},"29":{"start":{"line":30,"column":0},"end":{"line":30,"column":53}},"30":{"start":{"line":31,"column":0},"end":{"line":31,"column":32}},"31":{"start":{"line":32,"column":0},"end":{"line":32,"column":52}},"32":{"start":{"line":33,"column":0},"end":{"line":33,"column":52}},"33":{"start":{"line":34,"column":0},"end":{"line":34,"column":3}},"34":{"start":{"line":35,"column":0},"end":{"line":35,"column":26}},"35":{"start":{"line":36,"column":0},"end":{"line":36,"column":19}},"36":{"start":{"line":37,"column":0},"end":{"line":37,"column":31}},"37":{"start":{"line":38,"column":0},"end":{"line":38,"column":33}},"38":{"start":{"line":39,"column":0},"end":{"line":39,"column":5}},"39":{"start":{"line":40,"column":0},"end":{"line":40,"column":2}},"46":{"start":{"line":47,"column":0},"end":{"line":47,"column":70}},"47":{"start":{"line":48,"column":0},"end":{"line":48,"column":63}},"48":{"start":{"line":49,"column":0},"end":{"line":49,"column":10}},"49":{"start":{"line":50,"column":0},"end":{"line":50,"column":79}},"50":{"start":{"line":51,"column":0},"end":{"line":51,"column":29}},"51":{"start":{"line":52,"column":0},"end":{"line":52,"column":25}},"52":{"start":{"line":53,"column":0},"end":{"line":53,"column":4}},"53":{"start":{"line":54,"column":0},"end":{"line":54,"column":2}},"60":{"start":{"line":61,"column":0},"end":{"line":61,"column":48}},"61":{"start":{"line":62,"column":0},"end":{"line":62,"column":51}},"62":{"start":{"line":63,"column":0},"end":{"line":63,"column":18}},"63":{"start":{"line":64,"column":0},"end":{"line":64,"column":7}},"64":{"start":{"line":65,"column":0},"end":{"line":65,"column":44}},"65":{"start":{"line":66,"column":0},"end":{"line":66,"column":38}},"66":{"start":{"line":67,"column":0},"end":{"line":67,"column":19}},"67":{"start":{"line":68,"column":0},"end":{"line":68,"column":39}},"68":{"start":{"line":69,"column":0},"end":{"line":69,"column":3}},"69":{"start":{"line":70,"column":0},"end":{"line":70,"column":2}},"74":{"start":{"line":75,"column":0},"end":{"line":75,"column":45}},"75":{"start":{"line":76,"column":0},"end":{"line":76,"column":45}},"76":{"start":{"line":77,"column":0},"end":{"line":77,"column":2}},"81":{"start":{"line":82,"column":0},"end":{"line":82,"column":42}},"82":{"start":{"line":83,"column":0},"end":{"line":83,"column":51}},"83":{"start":{"line":84,"column":0},"end":{"line":84,"column":2}}},"s":{"0":1,"1":1,"2":1,"7":1,"8":1,"9":1,"10":1,"11":1,"12":1,"13":1,"14":1,"15":1,"16":1,"17":1,"18":1,"19":1,"20":1,"21":1,"22":1,"29":1,"30":19,"31":19,"32":5,"33":5,"34":14,"35":14,"36":14,"37":14,"38":14,"39":14,"46":1,"47":12,"48":12,"49":12,"50":12,"51":12,"52":12,"53":12,"60":1,"61":14,"62":14,"63":14,"64":14,"65":14,"66":14,"67":5,"68":5,"69":14,"74":1,"75":4,"76":4,"81":1,"82":6,"83":6},"branchMap":{"0":{"type":"branch","line":30,"loc":{"start":{"line":30,"column":33},"end":{"line":40,"column":2}},"locations":[{"start":{"line":30,"column":33},"end":{"line":40,"column":2}}]},"1":{"type":"branch","line":32,"loc":{"start":{"line":32,"column":19},"end":{"line":32,"column":51}},"locations":[{"start":{"line":32,"column":19},"end":{"line":32,"column":51}}]},"2":{"type":"branch","line":32,"loc":{"start":{"line":32,"column":51},"end":{"line":34,"column":3}},"locations":[{"start":{"line":32,"column":51},"end":{"line":34,"column":3}}]},"3":{"type":"branch","line":34,"loc":{"start":{"line":34,"column":2},"end":{"line":40,"column":2}},"locations":[{"start":{"line":34,"column":2},"end":{"line":40,"column":2}}]},"4":{"type":"branch","line":47,"loc":{"start":{"line":47,"column":37},"end":{"line":54,"column":2}},"locations":[{"start":{"line":47,"column":37},"end":{"line":54,"column":2}}]},"5":{"type":"branch","line":50,"loc":{"start":{"line":50,"column":30},"end":{"line":50,"column":54}},"locations":[{"start":{"line":50,"column":30},"end":{"line":50,"column":54}}]},"6":{"type":"branch","line":50,"loc":{"start":{"line":50,"column":44},"end":{"line":50,"column":79}},"locations":[{"start":{"line":50,"column":44},"end":{"line":50,"column":79}}]},"7":{"type":"branch","line":51,"loc":{"start":{"line":51,"column":12},"end":{"line":51,"column":29}},"locations":[{"start":{"line":51,"column":12},"end":{"line":51,"column":29}}]},"8":{"type":"branch","line":52,"loc":{"start":{"line":52,"column":10},"end":{"line":52,"column":25}},"locations":[{"start":{"line":52,"column":10},"end":{"line":52,"column":25}}]},"9":{"type":"branch","line":61,"loc":{"start":{"line":61,"column":38},"end":{"line":70,"column":2}},"locations":[{"start":{"line":61,"column":38},"end":{"line":70,"column":2}}]},"10":{"type":"branch","line":67,"loc":{"start":{"line":67,"column":2},"end":{"line":69,"column":3}},"locations":[{"start":{"line":67,"column":2},"end":{"line":69,"column":3}}]},"11":{"type":"branch","line":75,"loc":{"start":{"line":75,"column":30},"end":{"line":77,"column":2}},"locations":[{"start":{"line":75,"column":30},"end":{"line":77,"column":2}}]},"12":{"type":"branch","line":82,"loc":{"start":{"line":82,"column":27},"end":{"line":84,"column":2}},"locations":[{"start":{"line":82,"column":27},"end":{"line":84,"column":2}}]}},"b":{"0":[19],"1":[16],"2":[5],"3":[14],"4":[12],"5":[7],"6":[5],"7":[10],"8":[10],"9":[14],"10":[5],"11":[4],"12":[6]},"fnMap":{"0":{"name":"createOMDbService","decl":{"start":{"line":30,"column":33},"end":{"line":40,"column":2}},"loc":{"start":{"line":30,"column":33},"end":{"line":40,"column":2}},"line":30},"1":{"name":"transformToQueryError","decl":{"start":{"line":47,"column":37},"end":{"line":54,"column":2}},"loc":{"start":{"line":47,"column":37},"end":{"line":54,"column":2}},"line":47},"2":{"name":"withQueryErrorHandling","decl":{"start":{"line":61,"column":38},"end":{"line":70,"column":2}},"loc":{"start":{"line":61,"column":38},"end":{"line":70,"column":2}},"line":61},"3":{"name":"getCurrentYear","decl":{"start":{"line":75,"column":30},"end":{"line":77,"column":2}},"loc":{"start":{"line":75,"column":30},"end":{"line":77,"column":2}},"line":75},"4":{"name":"getNextYear","decl":{"start":{"line":82,"column":27},"end":{"line":84,"column":2}},"loc":{"start":{"line":82,"column":27},"end":{"line":84,"column":2}},"line":82}},"f":{"0":19,"1":12,"2":14,"3":4,"4":6}}
}
